#
# There is insufficient memory for the Java Runtime Environment to continue.
# Native memory allocation (malloc) failed to allocate 1448144 bytes. Error detail: Chunk::new
# Possible reasons:
#   The system is out of physical RAM or swap space
#   This process is running with CompressedOops enabled, and the Java Heap may be blocking the growth of the native heap
# Possible solutions:
#   Reduce memory load on the system
#   Increase physical memory or swap space
#   Check if swap backing store is full
#   Decrease Java heap size (-Xmx/-Xms)
#   Decrease number of Java threads
#   Decrease Java thread stack sizes (-Xss)
#   Set larger code cache with -XX:ReservedCodeCacheSize=
#   JVM is running with Unscaled Compressed Oops mode in which the Java heap is
#     placed in the first 4GB address space. The Java Heap base address is the
#     maximum limit for the native heap growth. Please use -XX:HeapBaseMinAddress
#     to set the Java Heap base and to place the Java Heap above 4GB virtual address.
# This output file may be truncated or incomplete.
#
#  Out of Memory Error (arena.cpp:168), pid=55096, tid=79624
#
# JRE version: OpenJDK Runtime Environment Temurin-21.0.7+6 (21.0.7+6) (build 21.0.7+6-LTS)
# Java VM: OpenJDK 64-Bit Server VM Temurin-21.0.7+6 (21.0.7+6-LTS, mixed mode, sharing, tiered, compressed oops, compressed class ptrs, parallel gc, windows-amd64)
# No core dump will be written. Minidumps are not enabled by default on client versions of Windows
#

---------------  S U M M A R Y ------------

Command Line: --add-modules=ALL-SYSTEM --add-opens=java.base/java.util=ALL-UNNAMED --add-opens=java.base/java.lang=ALL-UNNAMED --add-opens=java.base/sun.nio.fs=ALL-UNNAMED -Declipse.application=org.eclipse.jdt.ls.core.id1 -Dosgi.bundles.defaultStartLevel=4 -Declipse.product=org.eclipse.jdt.ls.core.product -Djava.import.generatesMetadataFilesAtProjectRoot=false -DDetectVMInstallationsJob.disabled=true -Dfile.encoding=utf8 -XX:+UseParallelGC -XX:GCTimeRatio=4 -XX:AdaptiveSizePolicyWeight=90 -Dsun.zip.disableMemoryMapping=true -Xmx2G -Xms100m -Xlog:disable -javaagent:c:\Users\obiwan\.vscode\extensions\redhat.java-1.43.0-win32-x64\lombok\lombok-1.18.39-4050.jar -XX:+HeapDumpOnOutOfMemoryError -XX:HeapDumpPath=c:\Users\obiwan\AppData\Roaming\Code\User\workspaceStorage\38300cdc6a541c64403b4ba9694d468d\redhat.java -Daether.dependencyCollector.impl=bf c:\Users\obiwan\.vscode\extensions\redhat.java-1.43.0-win32-x64\server\plugins\org.eclipse.equinox.launcher_1.7.0.v20250519-0528.jar -configuration c:\Users\obiwan\AppData\Roaming\Code\User\globalStorage\redhat.java\1.43.0\config_win -data c:\Users\obiwan\AppData\Roaming\Code\User\workspaceStorage\38300cdc6a541c64403b4ba9694d468d\redhat.java\jdt_ws --pipe=\\.\pipe\lsp-d701f7ad1084830b2e67cbcc80971c0b-sock

Host: 13th Gen Intel(R) Core(TM) i7-13700H, 20 cores, 15G,  Windows 11 , 64 bit Build 22621 (10.0.22621.5262)
Time: Sun Jun 29 14:51:39 2025  Windows 11 , 64 bit Build 22621 (10.0.22621.5262) elapsed time: 15.795512 seconds (0d 0h 0m 15s)

---------------  T H R E A D  ---------------

Current thread (0x00000215045170e0):  JavaThread "C2 CompilerThread0" daemon [_thread_in_native, id=79624, stack(0x0000003976d00000,0x0000003976e00000) (1024K)]


Current CompileTask:
C2:15795 15850       4       org.eclipse.jdt.internal.core.search.indexing.AbstractIndexer::addMethodDeclaration (105 bytes)

Stack: [0x0000003976d00000,0x0000003976e00000]
Native frames: (J=compiled Java code, j=interpreted, Vv=VM code, C=native code)
V  [jvm.dll+0x6ce119]
V  [jvm.dll+0x8a84a1]
V  [jvm.dll+0x8aa9ce]
V  [jvm.dll+0x8ab0b3]
V  [jvm.dll+0x27f8a6]
V  [jvm.dll+0xc507d]
V  [jvm.dll+0xc55b3]
V  [jvm.dll+0x3b692c]
V  [jvm.dll+0x382aa5]
V  [jvm.dll+0x381f0a]
V  [jvm.dll+0x247af0]
V  [jvm.dll+0x2470cf]
V  [jvm.dll+0x1c760e]
V  [jvm.dll+0x25695a]
V  [jvm.dll+0x254efa]
V  [jvm.dll+0x3f03f6]
V  [jvm.dll+0x851f6b]
V  [jvm.dll+0x6cc7dd]
C  [ucrtbase.dll+0x29333]
C  [KERNEL32.DLL+0x1259d]
C  [ntdll.dll+0x5af58]


---------------  P R O C E S S  ---------------

Threads class SMR info:
_java_thread_list=0x0000021506aa1140, length=126, elements={
0x00000214ab6e3ef0, 0x00000214ab671660, 0x00000214ab6726c0, 0x0000021504507de0,
0x00000215045098b0, 0x000002150450e1c0, 0x000002150450f610, 0x00000215045170e0,
0x0000021504519450, 0x00000215045d88e0, 0x0000021504834990, 0x000002150687ac20,
0x00000215068b20e0, 0x0000021506bd32a0, 0x00000215067d2570, 0x000002150b5dc3a0,
0x000002150b4cf730, 0x000002150b55ff60, 0x000002150b55cae0, 0x000002150b55f8d0,
0x000002150b55f240, 0x000002150b55d800, 0x000002150ca7f3a0, 0x000002150b55ebb0,
0x000002150b55e520, 0x000002150c5b44c0, 0x000002150c5b16d0, 0x000002150c5b1d60,
0x000002150c5b09b0, 0x000002150c5b3e30, 0x000002150c5b4b50, 0x000002150c5b3110,
0x000002150c5b51e0, 0x000002150c5b37a0, 0x000002150c5b5870, 0x000002150c5b0320,
0x000002150c5b1040, 0x000002150c5b6590, 0x000002150c5b2a80, 0x000002150c5b5f00,
0x000002150c5b6c20, 0x000002150c5b72b0, 0x000002150c5b23f0, 0x000002150c5b7940,
0x000002150c5ec850, 0x000002150c5edc00, 0x000002150c5f3150, 0x000002150c5f1710,
0x000002150c5f1080, 0x000002150c5f1da0, 0x000002150c5f0360, 0x000002150c5efcd0,
0x000002150c5f2430, 0x000002150c5ee290, 0x000002150c5ec1c0, 0x000002150c5f37e0,
0x000002150c5ee920, 0x000002150c5ecee0, 0x000002150c5ed570, 0x000002150476e0c0,
0x000002150476d3a0, 0x00000215047677c0, 0x0000021504768b70, 0x000002150476bff0,
0x0000021504769200, 0x000002150476da30, 0x000002150476cd10, 0x000002150476a5b0,
0x0000021504769890, 0x000002150476e750, 0x000002150476ede0, 0x0000021504767e50,
0x00000215047684e0, 0x0000021504769f20, 0x000002150476ac40, 0x000002150476b2d0,
0x000002150476c680, 0x000002150476b960, 0x000002150e7b41e0, 0x000002150e7b0040,
0x000002150e7b06d0, 0x000002150e7b0d60, 0x000002150e7b13f0, 0x000002150e7af320,
0x000002150e7b2e30, 0x000002150e7b34c0, 0x000002150e7b1a80, 0x000002150e7b4870,
0x000002150e7b4f00, 0x000002150e7af9b0, 0x000002150e7adf70, 0x000002150e7b2110,
0x000002150e7b27a0, 0x000002150e7b5590, 0x000002150e7aec90, 0x000002150b332e20,
0x000002150b338370, 0x000002150b337650, 0x000002150b339720, 0x000002150b336930,
0x000002150b336fc0, 0x000002150b33a440, 0x000002150b335580, 0x000002150b339090,
0x000002150b337ce0, 0x000002150b338a00, 0x000002150bcff490, 0x000002150b335c10,
0x000002150b3362a0, 0x000002150b55d170, 0x000002150e586a80, 0x000002150e587e30,
0x000002150e5856d0, 0x000002150e5863f0, 0x000002150e5891e0, 0x000002150e58a590,
0x000002150e58ac20, 0x000002150e585d60, 0x000002150e589f00, 0x000002150e588b50,
0x000002150e589870, 0x000002150e5884c0, 0x000002150e58b2b0, 0x000002150e58b940,
0x000002150e5849b0, 0x000002150e58bfd0
}

Java Threads: ( => current thread )
  0x00000214ab6e3ef0 JavaThread "main"                              [_thread_blocked, id=78352, stack(0x0000003976300000,0x0000003976400000) (1024K)]
  0x00000214ab671660 JavaThread "Reference Handler"          daemon [_thread_blocked, id=79768, stack(0x0000003976700000,0x0000003976800000) (1024K)]
  0x00000214ab6726c0 JavaThread "Finalizer"                  daemon [_thread_blocked, id=70972, stack(0x0000003976800000,0x0000003976900000) (1024K)]
  0x0000021504507de0 JavaThread "Signal Dispatcher"          daemon [_thread_blocked, id=79312, stack(0x0000003976900000,0x0000003976a00000) (1024K)]
  0x00000215045098b0 JavaThread "Attach Listener"            daemon [_thread_blocked, id=14328, stack(0x0000003976a00000,0x0000003976b00000) (1024K)]
  0x000002150450e1c0 JavaThread "Service Thread"             daemon [_thread_blocked, id=66200, stack(0x0000003976b00000,0x0000003976c00000) (1024K)]
  0x000002150450f610 JavaThread "Monitor Deflation Thread"   daemon [_thread_blocked, id=74004, stack(0x0000003976c00000,0x0000003976d00000) (1024K)]
=>0x00000215045170e0 JavaThread "C2 CompilerThread0"         daemon [_thread_in_native, id=79624, stack(0x0000003976d00000,0x0000003976e00000) (1024K)]
  0x0000021504519450 JavaThread "C1 CompilerThread0"         daemon [_thread_blocked, id=73416, stack(0x0000003976e00000,0x0000003976f00000) (1024K)]
  0x00000215045d88e0 JavaThread "Common-Cleaner"             daemon [_thread_blocked, id=64908, stack(0x0000003976f00000,0x0000003977000000) (1024K)]
  0x0000021504834990 JavaThread "Notification Thread"        daemon [_thread_blocked, id=78884, stack(0x0000003977000000,0x0000003977100000) (1024K)]
  0x000002150687ac20 JavaThread "Active Thread: Equinox Container: 35272d17-fabc-4183-bc69-7f7e571435e0"        [_thread_blocked, id=79492, stack(0x0000003977700000,0x0000003977800000) (1024K)]
  0x00000215068b20e0 JavaThread "Refresh Thread: Equinox Container: 35272d17-fabc-4183-bc69-7f7e571435e0" daemon [_thread_blocked, id=47180, stack(0x0000003977900000,0x0000003977a00000) (1024K)]
  0x0000021506bd32a0 JavaThread "Framework Event Dispatcher: Equinox Container: 35272d17-fabc-4183-bc69-7f7e571435e0" daemon [_thread_blocked, id=12940, stack(0x0000003977a00000,0x0000003977b00000) (1024K)]
  0x00000215067d2570 JavaThread "Start Level: Equinox Container: 35272d17-fabc-4183-bc69-7f7e571435e0" daemon [_thread_blocked, id=79256, stack(0x0000003977b00000,0x0000003977c00000) (1024K)]
  0x000002150b5dc3a0 JavaThread "Bundle File Closer"         daemon [_thread_blocked, id=39528, stack(0x0000003977f00000,0x0000003978000000) (1024K)]
  0x000002150b4cf730 JavaThread "SCR Component Actor"        daemon [_thread_blocked, id=72564, stack(0x0000003978000000,0x0000003978100000) (1024K)]
  0x000002150b55ff60 JavaThread "Worker-JM"                         [_thread_blocked, id=76072, stack(0x0000003978300000,0x0000003978400000) (1024K)]
  0x000002150b55cae0 JavaThread "Worker-0"                          [_thread_blocked, id=55260, stack(0x0000003978700000,0x0000003978800000) (1024K)]
  0x000002150b55f8d0 JavaThread "Worker-1"                          [_thread_blocked, id=78060, stack(0x0000003978800000,0x0000003978900000) (1024K)]
  0x000002150b55f240 JavaThread "Java indexing"              daemon [_thread_blocked, id=79700, stack(0x0000003978900000,0x0000003978a00000) (1024K)]
  0x000002150b55d800 JavaThread "JNA Cleaner"                daemon [_thread_blocked, id=60948, stack(0x0000003978a00000,0x0000003978b00000) (1024K)]
  0x000002150ca7f3a0 JavaThread "C1 CompilerThread1"         daemon [_thread_blocked, id=79864, stack(0x0000003978b00000,0x0000003978c00000) (1024K)]
  0x000002150b55ebb0 JavaThread "Worker-2"                          [_thread_blocked, id=79784, stack(0x0000003978d00000,0x0000003978e00000) (1024K)]
  0x000002150b55e520 JavaThread "Worker-3"                          [_thread_blocked, id=63328, stack(0x0000003978e00000,0x0000003978f00000) (1024K)]
  0x000002150c5b44c0 JavaThread "Thread-2"                   daemon [_thread_in_native, id=76492, stack(0x0000003978f00000,0x0000003979000000) (1024K)]
  0x000002150c5b16d0 JavaThread "Thread-3"                   daemon [_thread_in_native, id=40500, stack(0x0000003979000000,0x0000003979100000) (1024K)]
  0x000002150c5b1d60 JavaThread "Thread-4"                   daemon [_thread_in_native, id=80504, stack(0x0000003979100000,0x0000003979200000) (1024K)]
  0x000002150c5b09b0 JavaThread "Thread-5"                   daemon [_thread_in_native, id=61428, stack(0x0000003979200000,0x0000003979300000) (1024K)]
  0x000002150c5b3e30 JavaThread "Thread-6"                   daemon [_thread_in_native, id=72480, stack(0x0000003979300000,0x0000003979400000) (1024K)]
  0x000002150c5b4b50 JavaThread "Thread-7"                   daemon [_thread_in_native, id=47524, stack(0x0000003979400000,0x0000003979500000) (1024K)]
  0x000002150c5b3110 JavaThread "Thread-8"                   daemon [_thread_in_native, id=72304, stack(0x0000003979500000,0x0000003979600000) (1024K)]
  0x000002150c5b51e0 JavaThread "Thread-9"                   daemon [_thread_in_native, id=73840, stack(0x0000003979600000,0x0000003979700000) (1024K)]
  0x000002150c5b37a0 JavaThread "Thread-10"                  daemon [_thread_in_native, id=73032, stack(0x0000003979700000,0x0000003979800000) (1024K)]
  0x000002150c5b5870 JavaThread "Thread-11"                  daemon [_thread_in_native, id=75748, stack(0x0000003979800000,0x0000003979900000) (1024K)]
  0x000002150c5b0320 JavaThread "Thread-12"                  daemon [_thread_in_native, id=80868, stack(0x0000003979900000,0x0000003979a00000) (1024K)]
  0x000002150c5b1040 JavaThread "Thread-13"                  daemon [_thread_in_native, id=5264, stack(0x0000003979a00000,0x0000003979b00000) (1024K)]
  0x000002150c5b6590 JavaThread "Thread-14"                  daemon [_thread_in_native, id=62396, stack(0x0000003979b00000,0x0000003979c00000) (1024K)]
  0x000002150c5b2a80 JavaThread "Thread-15"                  daemon [_thread_in_native, id=77296, stack(0x0000003979c00000,0x0000003979d00000) (1024K)]
  0x000002150c5b5f00 JavaThread "Thread-16"                  daemon [_thread_in_native, id=80772, stack(0x0000003979d00000,0x0000003979e00000) (1024K)]
  0x000002150c5b6c20 JavaThread "Thread-17"                  daemon [_thread_in_native, id=81308, stack(0x0000003979e00000,0x0000003979f00000) (1024K)]
  0x000002150c5b72b0 JavaThread "Thread-18"                  daemon [_thread_in_native, id=81612, stack(0x0000003979f00000,0x000000397a000000) (1024K)]
  0x000002150c5b23f0 JavaThread "Thread-19"                  daemon [_thread_in_native, id=74572, stack(0x000000397a000000,0x000000397a100000) (1024K)]
  0x000002150c5b7940 JavaThread "Thread-20"                  daemon [_thread_in_native, id=54888, stack(0x000000397a100000,0x000000397a200000) (1024K)]
  0x000002150c5ec850 JavaThread "Thread-21"                  daemon [_thread_in_native, id=81736, stack(0x000000397a200000,0x000000397a300000) (1024K)]
  0x000002150c5edc00 JavaThread "Thread-22"                  daemon [_thread_in_native, id=81424, stack(0x000000397a300000,0x000000397a400000) (1024K)]
  0x000002150c5f3150 JavaThread "pool-2-thread-1"                   [_thread_blocked, id=3696, stack(0x000000397a400000,0x000000397a500000) (1024K)]
  0x000002150c5f1710 JavaThread "WorkspaceEventsHandler"            [_thread_blocked, id=78080, stack(0x000000397a800000,0x000000397a900000) (1024K)]
  0x000002150c5f1080 JavaThread "pool-1-thread-1"                   [_thread_blocked, id=80676, stack(0x000000397a900000,0x000000397aa00000) (1024K)]
  0x000002150c5f1da0 JavaThread "Worker-4"                          [_thread_blocked, id=76428, stack(0x000000397aa00000,0x000000397ab00000) (1024K)]
  0x000002150c5f0360 JavaThread "Worker-5"                          [_thread_blocked, id=65972, stack(0x000000397ab00000,0x000000397ac00000) (1024K)]
  0x000002150c5efcd0 JavaThread "Keep-Alive-Timer"           daemon [_thread_blocked, id=82136, stack(0x0000003978c00000,0x0000003978d00000) (1024K)]
  0x000002150c5f2430 JavaThread "LocalFile Deleter"          daemon [_thread_blocked, id=82796, stack(0x000000397ad00000,0x000000397ae00000) (1024K)]
  0x000002150c5ee290 JavaThread "LocalFile Deleter"          daemon [_thread_blocked, id=82800, stack(0x000000397ae00000,0x000000397af00000) (1024K)]
  0x000002150c5ec1c0 JavaThread "LocalFile Deleter"          daemon [_thread_blocked, id=82804, stack(0x000000397af00000,0x000000397b000000) (1024K)]
  0x000002150c5f37e0 JavaThread "LocalFile Deleter"          daemon [_thread_blocked, id=82808, stack(0x000000397b000000,0x000000397b100000) (1024K)]
  0x000002150c5ee920 JavaThread "LocalFile Deleter"          daemon [_thread_blocked, id=82812, stack(0x000000397b100000,0x000000397b200000) (1024K)]
  0x000002150c5ecee0 JavaThread "LocalFile Deleter"          daemon [_thread_blocked, id=82816, stack(0x000000397b200000,0x000000397b300000) (1024K)]
  0x000002150c5ed570 JavaThread "LocalFile Deleter"          daemon [_thread_blocked, id=82820, stack(0x000000397b300000,0x000000397b400000) (1024K)]
  0x000002150476e0c0 JavaThread "LocalFile Deleter"          daemon [_thread_blocked, id=82824, stack(0x000000397b400000,0x000000397b500000) (1024K)]
  0x000002150476d3a0 JavaThread "LocalFile Deleter"          daemon [_thread_blocked, id=82828, stack(0x000000397b500000,0x000000397b600000) (1024K)]
  0x00000215047677c0 JavaThread "LocalFile Deleter"          daemon [_thread_blocked, id=82832, stack(0x000000397b600000,0x000000397b700000) (1024K)]
  0x0000021504768b70 JavaThread "LocalFile Deleter"          daemon [_thread_blocked, id=82836, stack(0x000000397b700000,0x000000397b800000) (1024K)]
  0x000002150476bff0 JavaThread "LocalFile Deleter"          daemon [_thread_blocked, id=82840, stack(0x000000397b800000,0x000000397b900000) (1024K)]
  0x0000021504769200 JavaThread "LocalFile Deleter"          daemon [_thread_blocked, id=82844, stack(0x000000397b900000,0x000000397ba00000) (1024K)]
  0x000002150476da30 JavaThread "LocalFile Deleter"          daemon [_thread_blocked, id=82848, stack(0x000000397ba00000,0x000000397bb00000) (1024K)]
  0x000002150476cd10 JavaThread "LocalFile Deleter"          daemon [_thread_blocked, id=82852, stack(0x000000397bb00000,0x000000397bc00000) (1024K)]
  0x000002150476a5b0 JavaThread "LocalFile Deleter"          daemon [_thread_blocked, id=82856, stack(0x000000397bc00000,0x000000397bd00000) (1024K)]
  0x0000021504769890 JavaThread "LocalFile Deleter"          daemon [_thread_blocked, id=82860, stack(0x000000397bd00000,0x000000397be00000) (1024K)]
  0x000002150476e750 JavaThread "LocalFile Deleter"          daemon [_thread_blocked, id=82864, stack(0x000000397be00000,0x000000397bf00000) (1024K)]
  0x000002150476ede0 JavaThread "LocalFile Deleter"          daemon [_thread_blocked, id=82868, stack(0x000000397bf00000,0x000000397c000000) (1024K)]
  0x0000021504767e50 JavaThread "LocalFile Deleter"          daemon [_thread_blocked, id=82872, stack(0x000000397c000000,0x000000397c100000) (1024K)]
  0x00000215047684e0 JavaThread "Compiler Source File Reader" daemon [_thread_blocked, id=82876, stack(0x000000397c100000,0x000000397c200000) (1024K)]
  0x0000021504769f20 JavaThread "Compiler Source File Reader" daemon [_thread_blocked, id=82880, stack(0x000000397c200000,0x000000397c300000) (1024K)]
  0x000002150476ac40 JavaThread "Compiler Source File Reader" daemon [_thread_blocked, id=82884, stack(0x000000397c300000,0x000000397c400000) (1024K)]
  0x000002150476b2d0 JavaThread "Compiler Source File Reader" daemon [_thread_blocked, id=82888, stack(0x000000397c400000,0x000000397c500000) (1024K)]
  0x000002150476c680 JavaThread "Compiler Source File Reader" daemon [_thread_blocked, id=82892, stack(0x000000397c500000,0x000000397c600000) (1024K)]
  0x000002150476b960 JavaThread "Compiler Source File Reader" daemon [_thread_blocked, id=82896, stack(0x000000397c600000,0x000000397c700000) (1024K)]
  0x000002150e7b41e0 JavaThread "Compiler Source File Reader" daemon [_thread_blocked, id=82900, stack(0x000000397c700000,0x000000397c800000) (1024K)]
  0x000002150e7b0040 JavaThread "Compiler Source File Reader" daemon [_thread_blocked, id=82908, stack(0x000000397c800000,0x000000397c900000) (1024K)]
  0x000002150e7b06d0 JavaThread "Compiler Source File Reader" daemon [_thread_blocked, id=82912, stack(0x000000397c900000,0x000000397ca00000) (1024K)]
  0x000002150e7b0d60 JavaThread "Compiler Source File Reader" daemon [_thread_blocked, id=82916, stack(0x000000397ca00000,0x000000397cb00000) (1024K)]
  0x000002150e7b13f0 JavaThread "Compiler Source File Reader" daemon [_thread_blocked, id=82920, stack(0x000000397cb00000,0x000000397cc00000) (1024K)]
  0x000002150e7af320 JavaThread "Compiler Source File Reader" daemon [_thread_blocked, id=82924, stack(0x000000397cc00000,0x000000397cd00000) (1024K)]
  0x000002150e7b2e30 JavaThread "Compiler Source File Reader" daemon [_thread_blocked, id=82928, stack(0x000000397cd00000,0x000000397ce00000) (1024K)]
  0x000002150e7b34c0 JavaThread "Compiler Source File Reader" daemon [_thread_blocked, id=82932, stack(0x000000397ce00000,0x000000397cf00000) (1024K)]
  0x000002150e7b1a80 JavaThread "Compiler Source File Reader" daemon [_thread_blocked, id=82936, stack(0x000000397cf00000,0x000000397d000000) (1024K)]
  0x000002150e7b4870 JavaThread "Compiler Processing Task"   daemon [_thread_blocked, id=82332, stack(0x0000003978100000,0x0000003978200000) (1024K)]
  0x000002150e7b4f00 JavaThread "Compiler Class File Writer" daemon [_thread_blocked, id=82368, stack(0x000000397d000000,0x000000397d100000) (1024K)]
  0x000002150e7af9b0 JavaThread "Compiler Class File Writer" daemon [_thread_blocked, id=82388, stack(0x000000397d100000,0x000000397d200000) (1024K)]
  0x000002150e7adf70 JavaThread "Compiler Class File Writer" daemon [_thread_blocked, id=82392, stack(0x000000397d200000,0x000000397d300000) (1024K)]
  0x000002150e7b2110 JavaThread "Compiler Class File Writer" daemon [_thread_blocked, id=82424, stack(0x000000397d300000,0x000000397d400000) (1024K)]
  0x000002150e7b27a0 JavaThread "Compiler Class File Writer" daemon [_thread_blocked, id=82600, stack(0x000000397d400000,0x000000397d500000) (1024K)]
  0x000002150e7b5590 JavaThread "Compiler Class File Writer" daemon [_thread_blocked, id=82596, stack(0x000000397d500000,0x000000397d600000) (1024K)]
  0x000002150e7aec90 JavaThread "Compiler Class File Writer" daemon [_thread_blocked, id=82536, stack(0x000000397d600000,0x000000397d700000) (1024K)]
  0x000002150b332e20 JavaThread "Compiler Class File Writer" daemon [_thread_blocked, id=82244, stack(0x000000397d700000,0x000000397d800000) (1024K)]
  0x000002150b338370 JavaThread "Compiler Class File Writer" daemon [_thread_blocked, id=82240, stack(0x000000397d800000,0x000000397d900000) (1024K)]
  0x000002150b337650 JavaThread "Compiler Class File Writer" daemon [_thread_blocked, id=82632, stack(0x000000397d900000,0x000000397da00000) (1024K)]
  0x000002150b339720 JavaThread "Compiler Class File Writer" daemon [_thread_blocked, id=82628, stack(0x000000397da00000,0x000000397db00000) (1024K)]
  0x000002150b336930 JavaThread "Compiler Class File Writer" daemon [_thread_blocked, id=82640, stack(0x000000397db00000,0x000000397dc00000) (1024K)]
  0x000002150b336fc0 JavaThread "Compiler Class File Writer" daemon [_thread_blocked, id=82528, stack(0x000000397dc00000,0x000000397dd00000) (1024K)]
  0x000002150b33a440 JavaThread "Compiler Class File Writer" daemon [_thread_blocked, id=82224, stack(0x000000397dd00000,0x000000397de00000) (1024K)]
  0x000002150b335580 JavaThread "Compiler Class File Writer" daemon [_thread_blocked, id=82524, stack(0x000000397de00000,0x000000397df00000) (1024K)]
  0x000002150b339090 JavaThread "Compiler Class File Writer" daemon [_thread_blocked, id=82616, stack(0x000000397df00000,0x000000397e000000) (1024K)]
  0x000002150b337ce0 JavaThread "Compiler Class File Writer" daemon [_thread_blocked, id=82612, stack(0x000000397e000000,0x000000397e100000) (1024K)]
  0x000002150b338a00 JavaThread "Compiler Class File Writer" daemon [_thread_blocked, id=82608, stack(0x000000397e100000,0x000000397e200000) (1024K)]
  0x000002150bcff490 JavaThread "C1 CompilerThread2"         daemon [_thread_blocked, id=36560, stack(0x000000397a500000,0x000000397a600000) (1024K)]
  0x000002150b335c10 JavaThread "ForkJoinPool.commonPool-worker-1" daemon [_thread_blocked, id=57892, stack(0x000000397a600000,0x000000397a700000) (1024K)]
  0x000002150b3362a0 JavaThread "ForkJoinPool.commonPool-worker-2" daemon [_thread_blocked, id=80156, stack(0x000000397ac00000,0x000000397ad00000) (1024K)]
  0x000002150b55d170 JavaThread "ForkJoinPool.commonPool-worker-3" daemon [_thread_blocked, id=3476, stack(0x000000397e200000,0x000000397e300000) (1024K)]
  0x000002150e586a80 JavaThread "ForkJoinPool.commonPool-worker-4" daemon [_thread_blocked, id=79764, stack(0x000000397e300000,0x000000397e400000) (1024K)]
  0x000002150e587e30 JavaThread "ForkJoinPool.commonPool-worker-5" daemon [_thread_blocked, id=19052, stack(0x000000397e400000,0x000000397e500000) (1024K)]
  0x000002150e5856d0 JavaThread "ForkJoinPool.commonPool-worker-6" daemon [_thread_blocked, id=62272, stack(0x000000397e500000,0x000000397e600000) (1024K)]
  0x000002150e5863f0 JavaThread "ForkJoinPool.commonPool-worker-7" daemon [_thread_blocked, id=76060, stack(0x000000397e600000,0x000000397e700000) (1024K)]
  0x000002150e5891e0 JavaThread "ForkJoinPool.commonPool-worker-8" daemon [_thread_blocked, id=40700, stack(0x000000397e700000,0x000000397e800000) (1024K)]
  0x000002150e58a590 JavaThread "ForkJoinPool.commonPool-worker-9" daemon [_thread_blocked, id=80764, stack(0x000000397e800000,0x000000397e900000) (1024K)]
  0x000002150e58ac20 JavaThread "ForkJoinPool.commonPool-worker-10" daemon [_thread_blocked, id=19872, stack(0x000000397e900000,0x000000397ea00000) (1024K)]
  0x000002150e585d60 JavaThread "ForkJoinPool.commonPool-worker-11" daemon [_thread_blocked, id=16468, stack(0x000000397ea00000,0x000000397eb00000) (1024K)]
  0x000002150e589f00 JavaThread "ForkJoinPool.commonPool-worker-12" daemon [_thread_blocked, id=55284, stack(0x000000397eb00000,0x000000397ec00000) (1024K)]
  0x000002150e588b50 JavaThread "ForkJoinPool.commonPool-worker-13" daemon [_thread_blocked, id=72476, stack(0x000000397ec00000,0x000000397ed00000) (1024K)]
  0x000002150e589870 JavaThread "ForkJoinPool.commonPool-worker-14" daemon [_thread_blocked, id=56800, stack(0x000000397ed00000,0x000000397ee00000) (1024K)]
  0x000002150e5884c0 JavaThread "ForkJoinPool.commonPool-worker-15" daemon [_thread_blocked, id=62416, stack(0x000000397ee00000,0x000000397ef00000) (1024K)]
  0x000002150e58b2b0 JavaThread "ForkJoinPool.commonPool-worker-16" daemon [_thread_blocked, id=81128, stack(0x000000397ef00000,0x000000397f000000) (1024K)]
  0x000002150e58b940 JavaThread "ForkJoinPool.commonPool-worker-17" daemon [_thread_blocked, id=79924, stack(0x000000397f000000,0x000000397f100000) (1024K)]
  0x000002150e5849b0 JavaThread "ForkJoinPool.commonPool-worker-18" daemon [_thread_blocked, id=81784, stack(0x000000397f100000,0x000000397f200000) (1024K)]
  0x000002150e58bfd0 JavaThread "ForkJoinPool.commonPool-worker-19" daemon [_thread_blocked, id=63048, stack(0x000000397f200000,0x000000397f300000) (1024K)]
Total: 126

Other Threads:
  0x0000021504506080 VMThread "VM Thread"                           [id=81828, stack(0x0000003976600000,0x0000003976700000) (1024K)]
  0x00000214ab750250 WatcherThread "VM Periodic Task Thread"        [id=56644, stack(0x0000003976500000,0x0000003976600000) (1024K)]
  0x00000214ab704910 WorkerThread "GC Thread#0"                     [id=54860, stack(0x0000003976400000,0x0000003976500000) (1024K)]
  0x00000215065046f0 WorkerThread "GC Thread#1"                     [id=4920, stack(0x0000003977100000,0x0000003977200000) (1024K)]
  0x000002150680cc10 WorkerThread "GC Thread#2"                     [id=59936, stack(0x0000003977200000,0x0000003977300000) (1024K)]
  0x000002150680cfb0 WorkerThread "GC Thread#3"                     [id=76932, stack(0x0000003977300000,0x0000003977400000) (1024K)]
  0x000002150680d350 WorkerThread "GC Thread#4"                     [id=81292, stack(0x0000003977400000,0x0000003977500000) (1024K)]
  0x000002150680d6f0 WorkerThread "GC Thread#5"                     [id=78828, stack(0x0000003977500000,0x0000003977600000) (1024K)]
  0x0000021506b7ec50 WorkerThread "GC Thread#6"                     [id=51272, stack(0x0000003977600000,0x0000003977700000) (1024K)]
  0x00000215068b1310 WorkerThread "GC Thread#7"                     [id=22260, stack(0x0000003977800000,0x0000003977900000) (1024K)]
  0x0000021506bac080 WorkerThread "GC Thread#8"                     [id=61220, stack(0x0000003977c00000,0x0000003977d00000) (1024K)]
  0x0000021506bac7c0 WorkerThread "GC Thread#9"                     [id=38248, stack(0x0000003977d00000,0x0000003977e00000) (1024K)]
  0x0000021506bab5a0 WorkerThread "GC Thread#10"                    [id=80536, stack(0x0000003977e00000,0x0000003977f00000) (1024K)]
  0x0000021506bacb60 WorkerThread "GC Thread#11"                    [id=78180, stack(0x0000003978200000,0x0000003978300000) (1024K)]
  0x0000021506babce0 WorkerThread "GC Thread#12"                    [id=77400, stack(0x0000003978400000,0x0000003978500000) (1024K)]
  0x0000021506bab940 WorkerThread "GC Thread#13"                    [id=33944, stack(0x0000003978500000,0x0000003978600000) (1024K)]
  0x000002150b626270 WorkerThread "GC Thread#14"                    [id=81616, stack(0x0000003978600000,0x0000003978700000) (1024K)]
Total: 17

Threads with active compile tasks:
C2 CompilerThread0  15818 15850       4       org.eclipse.jdt.internal.core.search.indexing.AbstractIndexer::addMethodDeclaration (105 bytes)
Total: 1

VM state: not at safepoint (normal execution)

VM Mutex/Monitor currently owned by a thread: None

Heap address: 0x0000000080000000, size: 2048 MB, Compressed Oops mode: 32-bit

CDS archive(s) mapped at: [0x00000214c2000000-0x00000214c2ba0000-0x00000214c2ba0000), size 12189696, SharedBaseAddress: 0x00000214c2000000, ArchiveRelocationMode: 1.
Compressed class space mapped at: 0x00000214c3000000-0x0000021503000000, reserved size: 1073741824
Narrow klass base: 0x00000214c2000000, Narrow klass shift: 0, Narrow klass range: 0x100000000

GC Precious Log:
 CardTable entry size: 512
 CPUs: 20 total, 20 available
 Memory: 16087M
 Large Page Support: Disabled
 NUMA Support: Disabled
 Compressed Oops: Enabled (32-bit)
 Alignments: Space 512K, Generation 512K, Heap 2M
 Heap Min Capacity: 100M
 Heap Initial Capacity: 100M
 Heap Max Capacity: 2G
 Pre-touch: Disabled
 Parallel Workers: 15

Heap:
 PSYoungGen      total 3072K, used 2584K [0x00000000d5580000, 0x00000000d5980000, 0x0000000100000000)
  eden space 2560K, 89% used [0x00000000d5580000,0x00000000d57be2e0,0x00000000d5800000)
  from space 512K, 56% used [0x00000000d5900000,0x00000000d5948000,0x00000000d5980000)
  to   space 512K, 0% used [0x00000000d5880000,0x00000000d5880000,0x00000000d5900000)
 ParOldGen       total 744960K, used 744692K [0x0000000080000000, 0x00000000ad780000, 0x00000000d5580000)
  object space 744960K, 99% used [0x0000000080000000,0x00000000ad73d3f8,0x00000000ad780000)
 Metaspace       used 76100K, committed 77632K, reserved 1179648K
  class space    used 7776K, committed 8512K, reserved 1048576K

Card table byte_map: [0x00000214ab070000,0x00000214ab480000] _byte_map_base: 0x00000214aac70000

Marking Bits: (ParMarkBitMap*) 0x00007ffeed6431f0
 Begin Bits: [0x00000214bdb70000, 0x00000214bfb70000)
 End Bits:   [0x00000214bfb70000, 0x00000214c1b70000)

Polling page: 0x00000214a92a0000

Metaspace:

Usage:
  Non-class:     66.72 MB used.
      Class:      7.59 MB used.
       Both:     74.32 MB used.

Virtual space:
  Non-class space:      128.00 MB reserved,      67.50 MB ( 53%) committed,  2 nodes.
      Class space:        1.00 GB reserved,       8.31 MB ( <1%) committed,  1 nodes.
             Both:        1.12 GB reserved,      75.81 MB (  7%) committed. 

Chunk freelists:
   Non-Class:  12.08 MB
       Class:  7.56 MB
        Both:  19.64 MB

MaxMetaspaceSize: unlimited
CompressedClassSpaceSize: 1.00 GB
Initial GC threshold: 21.00 MB
Current GC threshold: 97.31 MB
CDS: on
 - commit_granule_bytes: 65536.
 - commit_granule_words: 8192.
 - virtual_space_node_default_size: 8388608.
 - enlarge_chunks_in_place: 1.
 - use_allocation_guard: 0.


Internal statistics:

num_allocs_failed_limit: 11.
num_arena_births: 1308.
num_arena_deaths: 22.
num_vsnodes_births: 3.
num_vsnodes_deaths: 0.
num_space_committed: 1212.
num_space_uncommitted: 0.
num_chunks_returned_to_freelist: 37.
num_chunks_taken_from_freelist: 4668.
num_chunk_merges: 18.
num_chunk_splits: 2889.
num_chunks_enlarged: 1733.
num_inconsistent_stats: 0.

CodeHeap 'non-profiled nmethods': size=119168Kb used=10033Kb max_used=10033Kb free=109134Kb
 bounds [0x00000214b6460000, 0x00000214b6e30000, 0x00000214bd8c0000]
CodeHeap 'profiled nmethods': size=119104Kb used=35277Kb max_used=35277Kb free=83826Kb
 bounds [0x00000214ae8c0000, 0x00000214b0b40000, 0x00000214b5d10000]
CodeHeap 'non-nmethods': size=7488Kb used=2614Kb max_used=3263Kb free=4873Kb
 bounds [0x00000214b5d10000, 0x00000214b6060000, 0x00000214b6460000]
 total_blobs=16020 nmethods=15210 adapters=712
 compilation: enabled
              stopped_count=0, restarted_count=0
 full_count=0

Compilation events (20 events):
Event: 15.772 Thread 0x000002150ca7f3a0 15943       3       org.eclipse.jdt.internal.launching.RuntimeClasspathEntry::hashCode (40 bytes)
Event: 15.773 Thread 0x000002150ca7f3a0 nmethod 15943 0x00000214b0b21c90 code [0x00000214b0b21ec0, 0x00000214b0b22580]
Event: 15.773 Thread 0x0000021504519450 nmethod 15941 0x00000214b0b22890 code [0x00000214b0b22ac0, 0x00000214b0b23278]
Event: 15.773 Thread 0x000002150ca7f3a0 15949 %     3       org.eclipse.jdt.internal.compiler.classfmt.ModuleInfo::readModuleAttribute @ 491 (1166 bytes)
Event: 15.773 Thread 0x0000021504519450 15944       3       org.eclipse.jdt.launching.JavaRuntime::newArchiveRuntimeClasspathEntry (11 bytes)
Event: 15.773 Thread 0x0000021504519450 nmethod 15944 0x00000214b0b23510 code [0x00000214b0b236e0, 0x00000214b0b23918]
Event: 15.773 Thread 0x0000021504519450 15945       3       org.eclipse.jdt.core.JavaCore::newLibraryEntry (14 bytes)
Event: 15.773 Thread 0x0000021504519450 nmethod 15945 0x00000214b0b23a10 code [0x00000214b0b23bc0, 0x00000214b0b23cf0]
Event: 15.773 Thread 0x0000021504519450 15946       3       org.eclipse.m2e.jdt.internal.ModuleSupport::determineModularClasspathProperty (13 bytes)
Event: 15.773 Thread 0x0000021504519450 nmethod 15946 0x00000214b0b23d90 code [0x00000214b0b23fe0, 0x00000214b0b24800]
Event: 15.773 Thread 0x0000021504519450 15947       3       org.eclipse.m2e.jdt.internal.ModuleSupport::isModuleEntry (20 bytes)
Event: 15.773 Thread 0x000002150bcff490 nmethod 15939 0x00000214b0b24b90 code [0x00000214b0b24d20, 0x00000214b0b24e58]
Event: 15.773 Thread 0x000002150bcff490 15950   !   3       org.eclipse.jdt.internal.launching.RuntimeClasspathEntry::getLocation (102 bytes)
Event: 15.774 Thread 0x0000021504519450 nmethod 15947 0x00000214b0b24f10 code [0x00000214b0b25140, 0x00000214b0b25890]
Event: 15.774 Thread 0x0000021504519450 15951       3       org.eclipse.jdt.internal.launching.RuntimeClasspathEntry::resolveToOSPath (52 bytes)
Event: 15.774 Thread 0x0000021504519450 nmethod 15951 0x00000214b0b25b90 code [0x00000214b0b25da0, 0x00000214b0b26278]
Event: 15.774 Thread 0x0000021504519450 15952       3       org.eclipse.core.internal.localstore.FileStoreRoot::getManager (85 bytes)
Event: 15.774 Thread 0x000002150bcff490 nmethod 15950 0x00000214b0b26490 code [0x00000214b0b26720, 0x00000214b0b27150]
Event: 15.775 Thread 0x0000021504519450 nmethod 15952 0x00000214b0b27510 code [0x00000214b0b278e0, 0x00000214b0b29510]
Event: 15.775 Thread 0x000002150ca7f3a0 nmethod 15949% 0x00000214b0b29e90 code [0x00000214b0b2a580, 0x00000214b0b30d58]

GC Heap History (20 events):
Event: 15.657 GC heap before
{Heap before GC invocations=778 (full 3):
 PSYoungGen      total 3072K, used 3066K [0x00000000d5580000, 0x00000000d5c80000, 0x0000000100000000)
  eden space 2048K, 99% used [0x00000000d5580000,0x00000000d577e8b0,0x00000000d5780000)
  from space 1024K, 100% used [0x00000000d5980000,0x00000000d5a80000,0x00000000d5a80000)
  to   space 2048K, 0% used [0x00000000d5780000,0x00000000d5780000,0x00000000d5980000)
 ParOldGen       total 735232K, used 734964K [0x0000000080000000, 0x00000000ace00000, 0x00000000d5580000)
  object space 735232K, 99% used [0x0000000080000000,0x00000000acdbd298,0x00000000ace00000)
 Metaspace       used 76018K, committed 77568K, reserved 1179648K
  class space    used 7773K, committed 8512K, reserved 1048576K
}
Event: 15.658 GC heap after
{Heap after GC invocations=778 (full 3):
 PSYoungGen      total 4096K, used 1824K [0x00000000d5580000, 0x00000000d5b80000, 0x0000000100000000)
  eden space 2048K, 0% used [0x00000000d5580000,0x00000000d5580000,0x00000000d5780000)
  from space 2048K, 89% used [0x00000000d5780000,0x00000000d5948000,0x00000000d5980000)
  to   space 2048K, 0% used [0x00000000d5980000,0x00000000d5980000,0x00000000d5b80000)
 ParOldGen       total 736256K, used 735754K [0x0000000080000000, 0x00000000acf00000, 0x00000000d5580000)
  object space 736256K, 99% used [0x0000000080000000,0x00000000ace829e8,0x00000000acf00000)
 Metaspace       used 76018K, committed 77568K, reserved 1179648K
  class space    used 7773K, committed 8512K, reserved 1048576K
}
Event: 15.674 GC heap before
{Heap before GC invocations=779 (full 3):
 PSYoungGen      total 4096K, used 3872K [0x00000000d5580000, 0x00000000d5b80000, 0x0000000100000000)
  eden space 2048K, 100% used [0x00000000d5580000,0x00000000d5780000,0x00000000d5780000)
  from space 2048K, 89% used [0x00000000d5780000,0x00000000d5948000,0x00000000d5980000)
  to   space 2048K, 0% used [0x00000000d5980000,0x00000000d5980000,0x00000000d5b80000)
 ParOldGen       total 736256K, used 735754K [0x0000000080000000, 0x00000000acf00000, 0x00000000d5580000)
  object space 736256K, 99% used [0x0000000080000000,0x00000000ace829e8,0x00000000acf00000)
 Metaspace       used 76049K, committed 77568K, reserved 1179648K
  class space    used 7774K, committed 8512K, reserved 1048576K
}
Event: 15.675 GC heap after
{Heap after GC invocations=779 (full 3):
 PSYoungGen      total 4096K, used 1856K [0x00000000d5580000, 0x00000000d5b80000, 0x0000000100000000)
  eden space 2048K, 0% used [0x00000000d5580000,0x00000000d5580000,0x00000000d5780000)
  from space 2048K, 90% used [0x00000000d5980000,0x00000000d5b50000,0x00000000d5b80000)
  to   space 2048K, 0% used [0x00000000d5780000,0x00000000d5780000,0x00000000d5980000)
 ParOldGen       total 737792K, used 737386K [0x0000000080000000, 0x00000000ad080000, 0x00000000d5580000)
  object space 737792K, 99% used [0x0000000080000000,0x00000000ad01a808,0x00000000ad080000)
 Metaspace       used 76049K, committed 77568K, reserved 1179648K
  class space    used 7774K, committed 8512K, reserved 1048576K
}
Event: 15.686 GC heap before
{Heap before GC invocations=780 (full 3):
 PSYoungGen      total 4096K, used 3848K [0x00000000d5580000, 0x00000000d5b80000, 0x0000000100000000)
  eden space 2048K, 97% used [0x00000000d5580000,0x00000000d57723a0,0x00000000d5780000)
  from space 2048K, 90% used [0x00000000d5980000,0x00000000d5b50000,0x00000000d5b80000)
  to   space 2048K, 0% used [0x00000000d5780000,0x00000000d5780000,0x00000000d5980000)
 ParOldGen       total 737792K, used 737386K [0x0000000080000000, 0x00000000ad080000, 0x00000000d5580000)
  object space 737792K, 99% used [0x0000000080000000,0x00000000ad01a808,0x00000000ad080000)
 Metaspace       used 76052K, committed 77568K, reserved 1179648K
  class space    used 7774K, committed 8512K, reserved 1048576K
}
Event: 15.687 GC heap after
{Heap after GC invocations=780 (full 3):
 PSYoungGen      total 3584K, used 1344K [0x00000000d5580000, 0x00000000d5a80000, 0x0000000100000000)
  eden space 2048K, 0% used [0x00000000d5580000,0x00000000d5580000,0x00000000d5780000)
  from space 1536K, 87% used [0x00000000d5780000,0x00000000d58d0020,0x00000000d5900000)
  to   space 1536K, 0% used [0x00000000d5900000,0x00000000d5900000,0x00000000d5a80000)
 ParOldGen       total 739328K, used 739125K [0x0000000080000000, 0x00000000ad200000, 0x00000000d5580000)
  object space 739328K, 99% used [0x0000000080000000,0x00000000ad1cd408,0x00000000ad200000)
 Metaspace       used 76052K, committed 77568K, reserved 1179648K
  class space    used 7774K, committed 8512K, reserved 1048576K
}
Event: 15.694 GC heap before
{Heap before GC invocations=781 (full 3):
 PSYoungGen      total 3584K, used 3392K [0x00000000d5580000, 0x00000000d5a80000, 0x0000000100000000)
  eden space 2048K, 100% used [0x00000000d5580000,0x00000000d5780000,0x00000000d5780000)
  from space 1536K, 87% used [0x00000000d5780000,0x00000000d58d0020,0x00000000d5900000)
  to   space 1536K, 0% used [0x00000000d5900000,0x00000000d5900000,0x00000000d5a80000)
 ParOldGen       total 739328K, used 739125K [0x0000000080000000, 0x00000000ad200000, 0x00000000d5580000)
  object space 739328K, 99% used [0x0000000080000000,0x00000000ad1cd408,0x00000000ad200000)
 Metaspace       used 76052K, committed 77568K, reserved 1179648K
  class space    used 7774K, committed 8512K, reserved 1048576K
}
Event: 15.695 GC heap after
{Heap after GC invocations=781 (full 3):
 PSYoungGen      total 3072K, used 704K [0x00000000d5580000, 0x00000000d5a00000, 0x0000000100000000)
  eden space 2048K, 0% used [0x00000000d5580000,0x00000000d5580000,0x00000000d5780000)
  from space 1024K, 68% used [0x00000000d5900000,0x00000000d59b0000,0x00000000d5a00000)
  to   space 1024K, 0% used [0x00000000d5800000,0x00000000d5800000,0x00000000d5900000)
 ParOldGen       total 740352K, used 740229K [0x0000000080000000, 0x00000000ad300000, 0x00000000d5580000)
  object space 740352K, 99% used [0x0000000080000000,0x00000000ad2e1428,0x00000000ad300000)
 Metaspace       used 76052K, committed 77568K, reserved 1179648K
  class space    used 7774K, committed 8512K, reserved 1048576K
}
Event: 15.702 GC heap before
{Heap before GC invocations=782 (full 3):
 PSYoungGen      total 3072K, used 2487K [0x00000000d5580000, 0x00000000d5a00000, 0x0000000100000000)
  eden space 2048K, 87% used [0x00000000d5580000,0x00000000d573def8,0x00000000d5780000)
  from space 1024K, 68% used [0x00000000d5900000,0x00000000d59b0000,0x00000000d5a00000)
  to   space 1024K, 0% used [0x00000000d5800000,0x00000000d5800000,0x00000000d5900000)
 ParOldGen       total 740352K, used 740229K [0x0000000080000000, 0x00000000ad300000, 0x00000000d5580000)
  object space 740352K, 99% used [0x0000000080000000,0x00000000ad2e1428,0x00000000ad300000)
 Metaspace       used 76052K, committed 77568K, reserved 1179648K
  class space    used 7774K, committed 8512K, reserved 1048576K
}
Event: 15.703 GC heap after
{Heap after GC invocations=782 (full 3):
 PSYoungGen      total 3072K, used 800K [0x00000000d5580000, 0x00000000d5980000, 0x0000000100000000)
  eden space 2048K, 0% used [0x00000000d5580000,0x00000000d5580000,0x00000000d5780000)
  from space 1024K, 78% used [0x00000000d5800000,0x00000000d58c8000,0x00000000d5900000)
  to   space 512K, 0% used [0x00000000d5900000,0x00000000d5900000,0x00000000d5980000)
 ParOldGen       total 740864K, used 740781K [0x0000000080000000, 0x00000000ad380000, 0x00000000d5580000)
  object space 740864K, 99% used [0x0000000080000000,0x00000000ad36b428,0x00000000ad380000)
 Metaspace       used 76052K, committed 77568K, reserved 1179648K
  class space    used 7774K, committed 8512K, reserved 1048576K
}
Event: 15.709 GC heap before
{Heap before GC invocations=783 (full 3):
 PSYoungGen      total 3072K, used 2847K [0x00000000d5580000, 0x00000000d5980000, 0x0000000100000000)
  eden space 2048K, 99% used [0x00000000d5580000,0x00000000d577ffd0,0x00000000d5780000)
  from space 1024K, 78% used [0x00000000d5800000,0x00000000d58c8000,0x00000000d5900000)
  to   space 512K, 0% used [0x00000000d5900000,0x00000000d5900000,0x00000000d5980000)
 ParOldGen       total 740864K, used 740781K [0x0000000080000000, 0x00000000ad380000, 0x00000000d5580000)
  object space 740864K, 99% used [0x0000000080000000,0x00000000ad36b428,0x00000000ad380000)
 Metaspace       used 76052K, committed 77568K, reserved 1179648K
  class space    used 7774K, committed 8512K, reserved 1048576K
}
Event: 15.710 GC heap after
{Heap after GC invocations=783 (full 3):
 PSYoungGen      total 2048K, used 512K [0x00000000d5580000, 0x00000000d5b80000, 0x0000000100000000)
  eden space 1536K, 0% used [0x00000000d5580000,0x00000000d5580000,0x00000000d5700000)
  from space 512K, 100% used [0x00000000d5900000,0x00000000d5980000,0x00000000d5980000)
  to   space 2048K, 0% used [0x00000000d5700000,0x00000000d5700000,0x00000000d5900000)
 ParOldGen       total 741888K, used 741724K [0x0000000080000000, 0x00000000ad480000, 0x00000000d5580000)
  object space 741888K, 99% used [0x0000000080000000,0x00000000ad4573f8,0x00000000ad480000)
 Metaspace       used 76052K, committed 77568K, reserved 1179648K
  class space    used 7774K, committed 8512K, reserved 1048576K
}
Event: 15.712 GC heap before
{Heap before GC invocations=784 (full 3):
 PSYoungGen      total 2048K, used 2024K [0x00000000d5580000, 0x00000000d5b80000, 0x0000000100000000)
  eden space 1536K, 98% used [0x00000000d5580000,0x00000000d56fa0c8,0x00000000d5700000)
  from space 512K, 100% used [0x00000000d5900000,0x00000000d5980000,0x00000000d5980000)
  to   space 2048K, 0% used [0x00000000d5700000,0x00000000d5700000,0x00000000d5900000)
 ParOldGen       total 741888K, used 741724K [0x0000000080000000, 0x00000000ad480000, 0x00000000d5580000)
  object space 741888K, 99% used [0x0000000080000000,0x00000000ad4573f8,0x00000000ad480000)
 Metaspace       used 76052K, committed 77568K, reserved 1179648K
  class space    used 7774K, committed 8512K, reserved 1048576K
}
Event: 15.713 GC heap after
{Heap after GC invocations=784 (full 3):
 PSYoungGen      total 3584K, used 1024K [0x00000000d5580000, 0x00000000d5a80000, 0x0000000100000000)
  eden space 1536K, 0% used [0x00000000d5580000,0x00000000d5580000,0x00000000d5700000)
  from space 2048K, 50% used [0x00000000d5700000,0x00000000d5800000,0x00000000d5900000)
  to   space 1536K, 0% used [0x00000000d5900000,0x00000000d5900000,0x00000000d5a80000)
 ParOldGen       total 742400K, used 742252K [0x0000000080000000, 0x00000000ad500000, 0x00000000d5580000)
  object space 742400K, 99% used [0x0000000080000000,0x00000000ad4db3f8,0x00000000ad500000)
 Metaspace       used 76052K, committed 77568K, reserved 1179648K
  class space    used 7774K, committed 8512K, reserved 1048576K
}
Event: 15.715 GC heap before
{Heap before GC invocations=785 (full 3):
 PSYoungGen      total 3584K, used 2492K [0x00000000d5580000, 0x00000000d5a80000, 0x0000000100000000)
  eden space 1536K, 95% used [0x00000000d5580000,0x00000000d56ef000,0x00000000d5700000)
  from space 2048K, 50% used [0x00000000d5700000,0x00000000d5800000,0x00000000d5900000)
  to   space 1536K, 0% used [0x00000000d5900000,0x00000000d5900000,0x00000000d5a80000)
 ParOldGen       total 742400K, used 742252K [0x0000000080000000, 0x00000000ad500000, 0x00000000d5580000)
  object space 742400K, 99% used [0x0000000080000000,0x00000000ad4db3f8,0x00000000ad500000)
 Metaspace       used 76052K, committed 77568K, reserved 1179648K
  class space    used 7774K, committed 8512K, reserved 1048576K
}
Event: 15.718 GC heap after
{Heap after GC invocations=785 (full 3):
 PSYoungGen      total 3584K, used 1120K [0x00000000d5580000, 0x00000000d5a80000, 0x0000000100000000)
  eden space 2048K, 0% used [0x00000000d5580000,0x00000000d5580000,0x00000000d5780000)
  from space 1536K, 72% used [0x00000000d5900000,0x00000000d5a18000,0x00000000d5a80000)
  to   space 1536K, 0% used [0x00000000d5780000,0x00000000d5780000,0x00000000d5900000)
 ParOldGen       total 743424K, used 743124K [0x0000000080000000, 0x00000000ad600000, 0x00000000d5580000)
  object space 743424K, 99% used [0x0000000080000000,0x00000000ad5b53f8,0x00000000ad600000)
 Metaspace       used 76052K, committed 77568K, reserved 1179648K
  class space    used 7774K, committed 8512K, reserved 1048576K
}
Event: 15.723 GC heap before
{Heap before GC invocations=786 (full 3):
 PSYoungGen      total 3584K, used 3160K [0x00000000d5580000, 0x00000000d5a80000, 0x0000000100000000)
  eden space 2048K, 99% used [0x00000000d5580000,0x00000000d577e0c8,0x00000000d5780000)
  from space 1536K, 72% used [0x00000000d5900000,0x00000000d5a18000,0x00000000d5a80000)
  to   space 1536K, 0% used [0x00000000d5780000,0x00000000d5780000,0x00000000d5900000)
 ParOldGen       total 743424K, used 743124K [0x0000000080000000, 0x00000000ad600000, 0x00000000d5580000)
  object space 743424K, 99% used [0x0000000080000000,0x00000000ad5b53f8,0x00000000ad600000)
 Metaspace       used 76085K, committed 77632K, reserved 1179648K
  class space    used 7775K, committed 8512K, reserved 1048576K
}
Event: 15.726 GC heap after
{Heap after GC invocations=786 (full 3):
 PSYoungGen      total 3584K, used 803K [0x00000000d5580000, 0x00000000d5a00000, 0x0000000100000000)
  eden space 2048K, 0% used [0x00000000d5580000,0x00000000d5580000,0x00000000d5780000)
  from space 1536K, 52% used [0x00000000d5780000,0x00000000d5848d98,0x00000000d5900000)
  to   space 1024K, 0% used [0x00000000d5900000,0x00000000d5900000,0x00000000d5a00000)
 ParOldGen       total 744448K, used 744084K [0x0000000080000000, 0x00000000ad700000, 0x00000000d5580000)
  object space 744448K, 99% used [0x0000000080000000,0x00000000ad6a53f8,0x00000000ad700000)
 Metaspace       used 76085K, committed 77632K, reserved 1179648K
  class space    used 7775K, committed 8512K, reserved 1048576K
}
Event: 15.729 GC heap before
{Heap before GC invocations=787 (full 3):
 PSYoungGen      total 3584K, used 2851K [0x00000000d5580000, 0x00000000d5a00000, 0x0000000100000000)
  eden space 2048K, 100% used [0x00000000d5580000,0x00000000d5780000,0x00000000d5780000)
  from space 1536K, 52% used [0x00000000d5780000,0x00000000d5848d98,0x00000000d5900000)
  to   space 1024K, 0% used [0x00000000d5900000,0x00000000d5900000,0x00000000d5a00000)
 ParOldGen       total 744448K, used 744084K [0x0000000080000000, 0x00000000ad700000, 0x00000000d5580000)
  object space 744448K, 99% used [0x0000000080000000,0x00000000ad6a53f8,0x00000000ad700000)
 Metaspace       used 76085K, committed 77632K, reserved 1179648K
  class space    used 7775K, committed 8512K, reserved 1048576K
}
Event: 15.730 GC heap after
{Heap after GC invocations=787 (full 3):
 PSYoungGen      total 3072K, used 288K [0x00000000d5580000, 0x00000000d5980000, 0x0000000100000000)
  eden space 2560K, 0% used [0x00000000d5580000,0x00000000d5580000,0x00000000d5800000)
  from space 512K, 56% used [0x00000000d5900000,0x00000000d5948000,0x00000000d5980000)
  to   space 512K, 0% used [0x00000000d5880000,0x00000000d5880000,0x00000000d5900000)
 ParOldGen       total 744960K, used 744692K [0x0000000080000000, 0x00000000ad780000, 0x00000000d5580000)
  object space 744960K, 99% used [0x0000000080000000,0x00000000ad73d3f8,0x00000000ad780000)
 Metaspace       used 76085K, committed 77632K, reserved 1179648K
  class space    used 7775K, committed 8512K, reserved 1048576K
}

Dll operation events (14 events):
Event: 0.008 Loaded shared library c:\Users\obiwan\.vscode\extensions\redhat.java-1.43.0-win32-x64\jre\21.0.7-win32-x86_64\bin\java.dll
Event: 0.033 Loaded shared library c:\Users\obiwan\.vscode\extensions\redhat.java-1.43.0-win32-x64\jre\21.0.7-win32-x86_64\bin\zip.dll
Event: 0.064 Loaded shared library C:\Users\obiwan\.vscode\extensions\redhat.java-1.43.0-win32-x64\jre\21.0.7-win32-x86_64\bin\instrument.dll
Event: 0.066 Loaded shared library C:\Users\obiwan\.vscode\extensions\redhat.java-1.43.0-win32-x64\jre\21.0.7-win32-x86_64\bin\net.dll
Event: 0.067 Loaded shared library C:\Users\obiwan\.vscode\extensions\redhat.java-1.43.0-win32-x64\jre\21.0.7-win32-x86_64\bin\nio.dll
Event: 0.069 Loaded shared library C:\Users\obiwan\.vscode\extensions\redhat.java-1.43.0-win32-x64\jre\21.0.7-win32-x86_64\bin\zip.dll
Event: 0.076 Loaded shared library C:\Users\obiwan\.vscode\extensions\redhat.java-1.43.0-win32-x64\jre\21.0.7-win32-x86_64\bin\jimage.dll
Event: 0.109 Loaded shared library c:\Users\obiwan\.vscode\extensions\redhat.java-1.43.0-win32-x64\jre\21.0.7-win32-x86_64\bin\verify.dll
Event: 0.680 Loaded shared library C:\Users\obiwan\AppData\Roaming\Code\User\globalStorage\redhat.java\1.43.0\config_win\org.eclipse.equinox.launcher\org.eclipse.equinox.launcher.win32.win32.x86_64_1.2.1300.v20250331-1702\eclipse_11911.dll
Event: 1.342 Loaded shared library C:\Users\obiwan\.vscode\extensions\redhat.java-1.43.0-win32-x64\jre\21.0.7-win32-x86_64\bin\management.dll
Event: 1.344 Loaded shared library C:\Users\obiwan\.vscode\extensions\redhat.java-1.43.0-win32-x64\jre\21.0.7-win32-x86_64\bin\management_ext.dll
Event: 2.076 Loaded shared library C:\Users\obiwan\AppData\Local\Temp\jna--1023380946\jna11862711861560032446.dll
Event: 2.428 Loaded shared library C:\Users\obiwan\.vscode\extensions\redhat.java-1.43.0-win32-x64\jre\21.0.7-win32-x86_64\bin\extnet.dll
Event: 2.483 Loaded shared library C:\Users\obiwan\.vscode\extensions\redhat.java-1.43.0-win32-x64\jre\21.0.7-win32-x86_64\bin\sunmscapi.dll

Deoptimization events (20 events):
Event: 15.660 Thread 0x000002150e587e30 Uncommon trap: trap_request=0xffffff45 fr.pc=0x00000214b68a9800 relative=0x0000000000000620
Event: 15.660 Thread 0x000002150e587e30 Uncommon trap: reason=unstable_if action=reinterpret pc=0x00000214b68a9800 method=java.lang.StringUTF16.newString([BII)Ljava/lang/String; @ 1 c2
Event: 15.660 Thread 0x000002150e587e30 DEOPT PACKING pc=0x00000214b68a9800 sp=0x000000397e4fe140
Event: 15.660 Thread 0x000002150e587e30 DEOPT UNPACKING pc=0x00000214b5d63aa2 sp=0x000000397e4fe100 mode 2
Event: 15.661 Thread 0x000002150e587e30 Uncommon trap: trap_request=0xffffff45 fr.pc=0x00000214b6c3edd0 relative=0x0000000000000390
Event: 15.661 Thread 0x000002150e587e30 Uncommon trap: reason=unstable_if action=reinterpret pc=0x00000214b6c3edd0 method=org.eclipse.jdt.internal.core.util.Util.indexOfJavaLikeExtension(Ljava/lang/String;)I @ 46 c2
Event: 15.661 Thread 0x000002150e587e30 DEOPT PACKING pc=0x00000214b6c3edd0 sp=0x000000397e4fe500
Event: 15.661 Thread 0x000002150e587e30 DEOPT UNPACKING pc=0x00000214b5d63aa2 sp=0x000000397e4fe478 mode 2
Event: 15.661 Thread 0x000002150e587e30 Uncommon trap: trap_request=0xffffff45 fr.pc=0x00000214b68cf908 relative=0x00000000000001e8
Event: 15.661 Thread 0x000002150e587e30 Uncommon trap: reason=unstable_if action=reinterpret pc=0x00000214b68cf908 method=org.eclipse.core.runtime.Path.computeLength()I @ 92 c2
Event: 15.661 Thread 0x000002150e587e30 DEOPT PACKING pc=0x00000214b68cf908 sp=0x000000397e4fe4c0
Event: 15.661 Thread 0x000002150e587e30 DEOPT UNPACKING pc=0x00000214b5d63aa2 sp=0x000000397e4fe450 mode 2
Event: 15.709 Thread 0x000002150e586a80 DEOPT PACKING pc=0x00000214b0a6cb4c sp=0x000000397e3fe9d0
Event: 15.709 Thread 0x000002150e586a80 DEOPT UNPACKING pc=0x00000214b5d64242 sp=0x000000397e3fdf98 mode 0
Event: 15.719 Thread 0x000002150e586a80 Uncommon trap: trap_request=0xffffff45 fr.pc=0x00000214b6e098d8 relative=0x00000000000005b8
Event: 15.719 Thread 0x000002150e586a80 Uncommon trap: reason=unstable_if action=reinterpret pc=0x00000214b6e098d8 method=org.eclipse.jdt.internal.core.index.DiskIndex.addQueryResult(Lorg/eclipse/jdt/internal/compiler/util/HashtableOfObject;[CLjava/lang/Object;Lorg/eclipse/jdt/internal/core/ind
Event: 15.719 Thread 0x000002150e586a80 DEOPT PACKING pc=0x00000214b6e098d8 sp=0x000000397e3fea30
Event: 15.719 Thread 0x000002150e586a80 DEOPT UNPACKING pc=0x00000214b5d63aa2 sp=0x000000397e3fe980 mode 2
Event: 15.776 Thread 0x000002150e587e30 DEOPT PACKING pc=0x00000214aeac3948 sp=0x000000397e4fe140
Event: 15.776 Thread 0x000002150e587e30 DEOPT UNPACKING pc=0x00000214b5d64242 sp=0x000000397e4fd648 mode 3

Classes loaded (20 events):
Event: 7.840 Loading class java/util/stream/Nodes$IntArrayNode done
Event: 7.840 Loading class java/util/stream/Nodes$IntFixedNodeBuilder done
Event: 7.841 Loading class java/util/stream/ReferencePipeline$4$1
Event: 7.841 Loading class java/util/stream/ReferencePipeline$4$1 done
Event: 8.337 Loading class jdk/internal/module/IllegalAccessLogger
Event: 8.337 Loading class jdk/internal/module/IllegalAccessLogger done
Event: 8.783 Loading class java/io/CharArrayWriter
Event: 8.783 Loading class java/io/CharArrayWriter done
Event: 15.631 Loading class java/util/concurrent/CompletableFuture$UniApply
Event: 15.632 Loading class java/util/concurrent/CompletableFuture$UniCompletion
Event: 15.632 Loading class java/util/concurrent/CompletableFuture$UniCompletion done
Event: 15.632 Loading class java/util/concurrent/CompletableFuture$UniApply done
Event: 15.632 Loading class java/util/concurrent/CompletableFuture$UniAccept
Event: 15.632 Loading class java/util/concurrent/CompletableFuture$UniAccept done
Event: 15.632 Loading class java/util/concurrent/CompletableFuture$UniExceptionally
Event: 15.632 Loading class java/util/concurrent/CompletableFuture$UniExceptionally done
Event: 15.636 Loading class jdk/internal/icu/text/NormalizerBase$NFCModeImpl
Event: 15.637 Loading class jdk/internal/icu/text/NormalizerBase$NFCModeImpl done
Event: 15.637 Loading class jdk/internal/icu/impl/Norm2AllModes$NFCSingleton
Event: 15.639 Loading class jdk/internal/icu/impl/Norm2AllModes$NFCSingleton done

Classes unloaded (11 events):
Event: 1.684 Thread 0x0000021504506080 Unloading class 0x00000214c319bc00 'java/lang/invoke/LambdaForm$MH+0x00000214c319bc00'
Event: 1.684 Thread 0x0000021504506080 Unloading class 0x00000214c319b800 'java/lang/invoke/LambdaForm$MH+0x00000214c319b800'
Event: 1.684 Thread 0x0000021504506080 Unloading class 0x00000214c319b400 'java/lang/invoke/LambdaForm$MH+0x00000214c319b400'
Event: 1.684 Thread 0x0000021504506080 Unloading class 0x00000214c319b000 'java/lang/invoke/LambdaForm$MH+0x00000214c319b000'
Event: 1.684 Thread 0x0000021504506080 Unloading class 0x00000214c319ac00 'java/lang/invoke/LambdaForm$BMH+0x00000214c319ac00'
Event: 1.684 Thread 0x0000021504506080 Unloading class 0x00000214c319a800 'java/lang/invoke/LambdaForm$DMH+0x00000214c319a800'
Event: 1.684 Thread 0x0000021504506080 Unloading class 0x00000214c3199800 'java/lang/invoke/LambdaForm$DMH+0x00000214c3199800'
Event: 5.427 Thread 0x0000021504506080 Unloading class 0x00000214c3615000 'java/lang/invoke/LambdaForm$DMH+0x00000214c3615000'
Event: 5.427 Thread 0x0000021504506080 Unloading class 0x00000214c3614c00 'java/lang/invoke/LambdaForm$DMH+0x00000214c3614c00'
Event: 5.427 Thread 0x0000021504506080 Unloading class 0x00000214c3614800 'java/lang/invoke/LambdaForm$DMH+0x00000214c3614800'
Event: 5.427 Thread 0x0000021504506080 Unloading class 0x00000214c3614400 'java/lang/invoke/LambdaForm$DMH+0x00000214c3614400'

Classes redefined (0 events):
No events

Internal exceptions (20 events):
Event: 14.311 Thread 0x000002150b55f240 Exception <a 'sun/nio/fs/WindowsException'{0x00000000d5942348}> (0x00000000d5942348) 
thrown [s\src\hotspot\share\prims\jni.cpp, line 520]
Event: 14.350 Thread 0x000002150b55f240 Exception <a 'sun/nio/fs/WindowsException'{0x00000000d55f5cb0}> (0x00000000d55f5cb0) 
thrown [s\src\hotspot\share\prims\jni.cpp, line 520]
Event: 14.475 Thread 0x000002150b55f240 Exception <a 'sun/nio/fs/WindowsException'{0x00000000d57bbec0}> (0x00000000d57bbec0) 
thrown [s\src\hotspot\share\prims\jni.cpp, line 520]
Event: 14.947 Thread 0x000002150b55f240 Exception <a 'sun/nio/fs/WindowsException'{0x00000000d55f8ef8}> (0x00000000d55f8ef8) 
thrown [s\src\hotspot\share\prims\jni.cpp, line 520]
Event: 15.107 Thread 0x000002150b55f240 Exception <a 'sun/nio/fs/WindowsException'{0x00000000d5629b58}> (0x00000000d5629b58) 
thrown [s\src\hotspot\share\prims\jni.cpp, line 520]
Event: 15.173 Thread 0x000002150b55f240 Exception <a 'sun/nio/fs/WindowsException'{0x00000000d55c4140}> (0x00000000d55c4140) 
thrown [s\src\hotspot\share\prims\jni.cpp, line 520]
Event: 15.184 Thread 0x000002150b55f240 Exception <a 'sun/nio/fs/WindowsException'{0x00000000d5620578}> (0x00000000d5620578) 
thrown [s\src\hotspot\share\prims\jni.cpp, line 520]
Event: 15.236 Thread 0x000002150b55f240 Exception <a 'sun/nio/fs/WindowsException'{0x00000000d57a4050}> (0x00000000d57a4050) 
thrown [s\src\hotspot\share\prims\jni.cpp, line 520]
Event: 15.244 Thread 0x000002150b55f240 Exception <a 'sun/nio/fs/WindowsException'{0x00000000d55fdd00}> (0x00000000d55fdd00) 
thrown [s\src\hotspot\share\prims\jni.cpp, line 520]
Event: 15.259 Thread 0x000002150b55f240 Exception <a 'sun/nio/fs/WindowsException'{0x00000000d58d20c0}> (0x00000000d58d20c0) 
thrown [s\src\hotspot\share\prims\jni.cpp, line 520]
Event: 15.377 Thread 0x000002150b55f240 Exception <a 'sun/nio/fs/WindowsException'{0x00000000d5786a98}> (0x00000000d5786a98) 
thrown [s\src\hotspot\share\prims\jni.cpp, line 520]
Event: 15.629 Thread 0x000002150b55f240 Exception <a 'sun/nio/fs/WindowsException'{0x00000000d55c11d0}> (0x00000000d55c11d0) 
thrown [s\src\hotspot\share\prims\jni.cpp, line 520]
Event: 15.672 Thread 0x000002150e587e30 Exception <a 'sun/nio/fs/WindowsException'{0x00000000d5746528}> (0x00000000d5746528) 
thrown [s\src\hotspot\share\prims\jni.cpp, line 520]
Event: 15.672 Thread 0x000002150e587e30 Exception <a 'sun/nio/fs/WindowsException'{0x00000000d5746e08}> (0x00000000d5746e08) 
thrown [s\src\hotspot\share\prims\jni.cpp, line 520]
Event: 15.672 Thread 0x000002150e587e30 Exception <a 'sun/nio/fs/WindowsException'{0x00000000d575bac0}> (0x00000000d575bac0) 
thrown [s\src\hotspot\share\prims\jni.cpp, line 520]
Event: 15.672 Thread 0x000002150e587e30 Exception <a 'sun/nio/fs/WindowsException'{0x00000000d575c3a0}> (0x00000000d575c3a0) 
thrown [s\src\hotspot\share\prims\jni.cpp, line 520]
Event: 15.673 Thread 0x000002150e587e30 Exception <a 'sun/nio/fs/WindowsException'{0x00000000d5764668}> (0x00000000d5764668) 
thrown [s\src\hotspot\share\prims\jni.cpp, line 520]
Event: 15.673 Thread 0x000002150e587e30 Exception <a 'sun/nio/fs/WindowsException'{0x00000000d5764f48}> (0x00000000d5764f48) 
thrown [s\src\hotspot\share\prims\jni.cpp, line 520]
Event: 15.679 Thread 0x000002150e587e30 Exception <a 'sun/nio/fs/WindowsException'{0x00000000d56019f0}> (0x00000000d56019f0) 
thrown [s\src\hotspot\share\prims\jni.cpp, line 520]
Event: 15.679 Thread 0x000002150e587e30 Exception <a 'sun/nio/fs/WindowsException'{0x00000000d56022d0}> (0x00000000d56022d0) 
thrown [s\src\hotspot\share\prims\jni.cpp, line 520]

ZGC Phase Switch (0 events):
No events

VM Operations (20 events):
Event: 15.674 Executing VM operation: ParallelGCFailedAllocation (Allocation Failure)
Event: 15.675 Executing VM operation: ParallelGCFailedAllocation (Allocation Failure) done
Event: 15.686 Executing VM operation: ParallelGCFailedAllocation (Allocation Failure)
Event: 15.687 Executing VM operation: ParallelGCFailedAllocation (Allocation Failure) done
Event: 15.694 Executing VM operation: ParallelGCFailedAllocation (Allocation Failure)
Event: 15.695 Executing VM operation: ParallelGCFailedAllocation (Allocation Failure) done
Event: 15.701 Executing VM operation: ParallelGCFailedAllocation (Allocation Failure)
Event: 15.703 Executing VM operation: ParallelGCFailedAllocation (Allocation Failure) done
Event: 15.709 Executing VM operation: ParallelGCFailedAllocation (Allocation Failure)
Event: 15.710 Executing VM operation: ParallelGCFailedAllocation (Allocation Failure) done
Event: 15.712 Executing VM operation: ParallelGCFailedAllocation (Allocation Failure)
Event: 15.713 Executing VM operation: ParallelGCFailedAllocation (Allocation Failure) done
Event: 15.715 Executing VM operation: ParallelGCFailedAllocation (Allocation Failure)
Event: 15.718 Executing VM operation: ParallelGCFailedAllocation (Allocation Failure) done
Event: 15.723 Executing VM operation: ParallelGCFailedAllocation (Allocation Failure)
Event: 15.726 Executing VM operation: ParallelGCFailedAllocation (Allocation Failure) done
Event: 15.729 Executing VM operation: ParallelGCFailedAllocation (Allocation Failure)
Event: 15.730 Executing VM operation: ParallelGCFailedAllocation (Allocation Failure) done
Event: 15.776 Executing VM operation: HandshakeAllThreads (Deoptimize)
Event: 15.776 Executing VM operation: HandshakeAllThreads (Deoptimize) done

Memory protections (0 events):
No events

Nmethod flushes (20 events):
Event: 5.437 Thread 0x0000021504506080 flushing  nmethod 0x00000214af1ada10
Event: 5.437 Thread 0x0000021504506080 flushing  nmethod 0x00000214af1b0310
Event: 5.437 Thread 0x0000021504506080 flushing  nmethod 0x00000214af1b1c10
Event: 5.437 Thread 0x0000021504506080 flushing  nmethod 0x00000214af1b2210
Event: 5.437 Thread 0x0000021504506080 flushing  nmethod 0x00000214af1b2a90
Event: 5.437 Thread 0x0000021504506080 flushing  nmethod 0x00000214af1b4c90
Event: 5.437 Thread 0x0000021504506080 flushing  nmethod 0x00000214af1bc490
Event: 5.437 Thread 0x0000021504506080 flushing  nmethod 0x00000214af1cba10
Event: 5.437 Thread 0x0000021504506080 flushing  nmethod 0x00000214af1d4c10
Event: 5.437 Thread 0x0000021504506080 flushing  nmethod 0x00000214af1d5210
Event: 5.437 Thread 0x0000021504506080 flushing  nmethod 0x00000214af1e6210
Event: 5.437 Thread 0x0000021504506080 flushing  nmethod 0x00000214af220d10
Event: 5.437 Thread 0x0000021504506080 flushing  nmethod 0x00000214af257b90
Event: 5.437 Thread 0x0000021504506080 flushing  nmethod 0x00000214af28f790
Event: 5.437 Thread 0x0000021504506080 flushing  nmethod 0x00000214af290210
Event: 5.437 Thread 0x0000021504506080 flushing  nmethod 0x00000214af291710
Event: 5.437 Thread 0x0000021504506080 flushing  nmethod 0x00000214af291b10
Event: 5.437 Thread 0x0000021504506080 flushing  nmethod 0x00000214af2c1710
Event: 5.437 Thread 0x0000021504506080 flushing  nmethod 0x00000214af2ca510
Event: 5.437 Thread 0x0000021504506080 flushing  nmethod 0x00000214af2cec90

Events (20 events):
Event: 15.597 Thread 0x0000021504519450 Thread added: 0x000002150bcff490
Event: 15.631 Thread 0x000002150b55ebb0 Thread added: 0x000002150b335c10
Event: 15.631 Thread 0x000002150b55ebb0 Thread added: 0x000002150b3362a0
Event: 15.632 Thread 0x000002150c5f1080 Thread added: 0x000002150b55d170
Event: 15.633 Thread 0x000002150c5f1080 Thread added: 0x000002150e586a80
Event: 15.633 Thread 0x000002150b55d170 Thread added: 0x000002150e587e30
Event: 15.633 Thread 0x000002150e586a80 Thread added: 0x000002150e5856d0
Event: 15.633 Thread 0x000002150c5f1080 Thread added: 0x000002150e5863f0
Event: 15.633 Thread 0x000002150e5856d0 Thread added: 0x000002150e5891e0
Event: 15.633 Thread 0x000002150e5863f0 Thread added: 0x000002150e58a590
Event: 15.633 Thread 0x000002150c5f1080 Thread added: 0x000002150e58ac20
Event: 15.633 Thread 0x000002150e5891e0 Thread added: 0x000002150e585d60
Event: 15.634 Thread 0x000002150e58a590 Thread added: 0x000002150e589f00
Event: 15.634 Thread 0x000002150e58ac20 Thread added: 0x000002150e588b50
Event: 15.634 Thread 0x000002150e585d60 Thread added: 0x000002150e589870
Event: 15.634 Thread 0x000002150e589f00 Thread added: 0x000002150e5884c0
Event: 15.634 Thread 0x000002150e588b50 Thread added: 0x000002150e58b2b0
Event: 15.634 Thread 0x000002150e5884c0 Thread added: 0x000002150e58b940
Event: 15.634 Thread 0x000002150e589870 Thread added: 0x000002150e5849b0
Event: 15.634 Thread 0x000002150e58b940 Thread added: 0x000002150e58bfd0


Dynamic libraries:
0x00007ff7618f0000 - 0x00007ff7618fe000 	c:\Users\obiwan\.vscode\extensions\redhat.java-1.43.0-win32-x64\jre\21.0.7-win32-x86_64\bin\java.exe
0x00007fffac790000 - 0x00007fffac9a7000 	C:\Windows\SYSTEM32\ntdll.dll
0x00007fffaa8f0000 - 0x00007fffaa9b4000 	C:\Windows\System32\KERNEL32.DLL
0x00007fffa9880000 - 0x00007fffa9c53000 	C:\Windows\System32\KERNELBASE.dll
0x00007fffa3e50000 - 0x00007fffa3ee7000 	C:\Windows\SYSTEM32\apphelp.dll
0x00007fffa9dd0000 - 0x00007fffa9ee1000 	C:\Windows\System32\ucrtbase.dll
0x00007fff6d300000 - 0x00007fff6d318000 	c:\Users\obiwan\.vscode\extensions\redhat.java-1.43.0-win32-x64\jre\21.0.7-win32-x86_64\bin\jli.dll
0x00007fff6d680000 - 0x00007fff6d69e000 	c:\Users\obiwan\.vscode\extensions\redhat.java-1.43.0-win32-x64\jre\21.0.7-win32-x86_64\bin\VCRUNTIME140.dll
0x00007fffaa9c0000 - 0x00007fffaab71000 	C:\Windows\System32\USER32.dll
0x00007fffa9fb0000 - 0x00007fffa9fd6000 	C:\Windows\System32\win32u.dll
0x00007fffab740000 - 0x00007fffab769000 	C:\Windows\System32\GDI32.dll
0x00007fff95e10000 - 0x00007fff960ab000 	C:\Windows\WinSxS\amd64_microsoft.windows.common-controls_6595b64144ccf1df_6.0.22621.5262_none_2712bde373830908\COMCTL32.dll
0x00007fffaa080000 - 0x00007fffaa1a2000 	C:\Windows\System32\gdi32full.dll
0x00007fffa9fe0000 - 0x00007fffaa07a000 	C:\Windows\System32\msvcp_win.dll
0x00007fffaa7f0000 - 0x00007fffaa897000 	C:\Windows\System32\msvcrt.dll
0x00007fffaafe0000 - 0x00007fffab011000 	C:\Windows\System32\IMM32.DLL
0x00007fff806c0000 - 0x00007fff806cc000 	c:\Users\obiwan\.vscode\extensions\redhat.java-1.43.0-win32-x64\jre\21.0.7-win32-x86_64\bin\vcruntime140_1.dll
0x00007fff57260000 - 0x00007fff572ed000 	c:\Users\obiwan\.vscode\extensions\redhat.java-1.43.0-win32-x64\jre\21.0.7-win32-x86_64\bin\msvcp140.dll
0x00007ffeec990000 - 0x00007ffeed720000 	c:\Users\obiwan\.vscode\extensions\redhat.java-1.43.0-win32-x64\jre\21.0.7-win32-x86_64\bin\server\jvm.dll
0x00007fffaaf20000 - 0x00007fffaafd1000 	C:\Windows\System32\ADVAPI32.dll
0x00007fffaabf0000 - 0x00007fffaac97000 	C:\Windows\System32\sechost.dll
0x00007fffaa3f0000 - 0x00007fffaa418000 	C:\Windows\System32\bcrypt.dll
0x00007fffab020000 - 0x00007fffab134000 	C:\Windows\System32\RPCRT4.dll
0x00007fffaa4a0000 - 0x00007fffaa511000 	C:\Windows\System32\WS2_32.dll
0x00007fff95a50000 - 0x00007fff95a5a000 	C:\Windows\SYSTEM32\VERSION.dll
0x00007fffa86f0000 - 0x00007fffa873d000 	C:\Windows\SYSTEM32\POWRPROF.dll
0x00007fffa1c20000 - 0x00007fffa1c54000 	C:\Windows\SYSTEM32\WINMM.dll
0x00007fffa86b0000 - 0x00007fffa86c3000 	C:\Windows\SYSTEM32\UMPDC.dll
0x00007fffa8970000 - 0x00007fffa8988000 	C:\Windows\SYSTEM32\kernel.appcore.dll
0x00007fff7fe40000 - 0x00007fff7fe4a000 	c:\Users\obiwan\.vscode\extensions\redhat.java-1.43.0-win32-x64\jre\21.0.7-win32-x86_64\bin\jimage.dll
0x00007fffa6ff0000 - 0x00007fffa7222000 	C:\Windows\SYSTEM32\DBGHELP.DLL
0x00007fffac0f0000 - 0x00007fffac483000 	C:\Windows\System32\combase.dll
0x00007fffab770000 - 0x00007fffab847000 	C:\Windows\System32\OLEAUT32.dll
0x00007fff972c0000 - 0x00007fff972f2000 	C:\Windows\SYSTEM32\dbgcore.DLL
0x00007fffaa370000 - 0x00007fffaa3eb000 	C:\Windows\System32\bcryptPrimitives.dll
0x00007fff7fda0000 - 0x00007fff7fdaf000 	c:\Users\obiwan\.vscode\extensions\redhat.java-1.43.0-win32-x64\jre\21.0.7-win32-x86_64\bin\instrument.dll
0x00007fff68630000 - 0x00007fff6864f000 	c:\Users\obiwan\.vscode\extensions\redhat.java-1.43.0-win32-x64\jre\21.0.7-win32-x86_64\bin\java.dll
0x00007fffab850000 - 0x00007fffac0ed000 	C:\Windows\System32\SHELL32.dll
0x00007fffaa1b0000 - 0x00007fffaa2ef000 	C:\Windows\System32\wintypes.dll
0x00007fffa7620000 - 0x00007fffa7f3d000 	C:\Windows\SYSTEM32\windows.storage.dll
0x00007fffac640000 - 0x00007fffac74b000 	C:\Windows\System32\SHCORE.dll
0x00007fffaa540000 - 0x00007fffaa5a6000 	C:\Windows\System32\shlwapi.dll
0x00007fffa97b0000 - 0x00007fffa97db000 	C:\Windows\SYSTEM32\profapi.dll
0x00007fff6c830000 - 0x00007fff6c848000 	c:\Users\obiwan\.vscode\extensions\redhat.java-1.43.0-win32-x64\jre\21.0.7-win32-x86_64\bin\zip.dll
0x00007fff7fc90000 - 0x00007fff7fca0000 	C:\Users\obiwan\.vscode\extensions\redhat.java-1.43.0-win32-x64\jre\21.0.7-win32-x86_64\bin\net.dll
0x00007fffa3c20000 - 0x00007fffa3d4c000 	C:\Windows\SYSTEM32\WINHTTP.dll
0x00007fffa8df0000 - 0x00007fffa8e5a000 	C:\Windows\system32\mswsock.dll
0x00007fff6c0e0000 - 0x00007fff6c0f6000 	C:\Users\obiwan\.vscode\extensions\redhat.java-1.43.0-win32-x64\jre\21.0.7-win32-x86_64\bin\nio.dll
0x00007fff7bfc0000 - 0x00007fff7bfd0000 	c:\Users\obiwan\.vscode\extensions\redhat.java-1.43.0-win32-x64\jre\21.0.7-win32-x86_64\bin\verify.dll
0x00007fff5df50000 - 0x00007fff5df95000 	C:\Users\obiwan\AppData\Roaming\Code\User\globalStorage\redhat.java\1.43.0\config_win\org.eclipse.equinox.launcher\org.eclipse.equinox.launcher.win32.win32.x86_64_1.2.1300.v20250331-1702\eclipse_11911.dll
0x00007fffac490000 - 0x00007fffac631000 	C:\Windows\System32\ole32.dll
0x00007fff77b40000 - 0x00007fff77b4a000 	C:\Users\obiwan\.vscode\extensions\redhat.java-1.43.0-win32-x64\jre\21.0.7-win32-x86_64\bin\management.dll
0x00007fff76150000 - 0x00007fff7615b000 	C:\Users\obiwan\.vscode\extensions\redhat.java-1.43.0-win32-x64\jre\21.0.7-win32-x86_64\bin\management_ext.dll
0x00007fffaa8c0000 - 0x00007fffaa8c8000 	C:\Windows\System32\PSAPI.DLL
0x00007fffa9070000 - 0x00007fffa908b000 	C:\Windows\SYSTEM32\CRYPTSP.dll
0x00007fffa88d0000 - 0x00007fffa8907000 	C:\Windows\system32\rsaenh.dll
0x00007fffa8ec0000 - 0x00007fffa8ee8000 	C:\Windows\SYSTEM32\USERENV.dll
0x00007fffa9060000 - 0x00007fffa906c000 	C:\Windows\SYSTEM32\CRYPTBASE.dll
0x00007fffa8370000 - 0x00007fffa839d000 	C:\Windows\SYSTEM32\IPHLPAPI.DLL
0x00007fffab140000 - 0x00007fffab149000 	C:\Windows\System32\NSI.dll
0x00007fff59850000 - 0x00007fff59899000 	C:\Users\obiwan\AppData\Local\Temp\jna--1023380946\jna11862711861560032446.dll
0x00007fffa3a70000 - 0x00007fffa3a89000 	C:\Windows\SYSTEM32\dhcpcsvc6.DLL
0x00007fffa37a0000 - 0x00007fffa37bf000 	C:\Windows\SYSTEM32\dhcpcsvc.DLL
0x00007fff70020000 - 0x00007fff70029000 	C:\Users\obiwan\.vscode\extensions\redhat.java-1.43.0-win32-x64\jre\21.0.7-win32-x86_64\bin\extnet.dll
0x00007fff6edb0000 - 0x00007fff6edbe000 	C:\Users\obiwan\.vscode\extensions\redhat.java-1.43.0-win32-x64\jre\21.0.7-win32-x86_64\bin\sunmscapi.dll
0x00007fffa9c60000 - 0x00007fffa9dc7000 	C:\Windows\System32\CRYPT32.dll
0x00007fffa9220000 - 0x00007fffa924d000 	C:\Windows\SYSTEM32\ncrypt.dll
0x00007fffa91e0000 - 0x00007fffa9217000 	C:\Windows\SYSTEM32\NTASN1.dll
0x00007fff8a160000 - 0x00007fff8a193000 	C:\Program Files (x86)\Sangfor\SSL\ClientComponent\SangforNspX64.dll
0x00007fffa83e0000 - 0x00007fffa84d8000 	C:\Windows\SYSTEM32\DNSAPI.dll
0x0000000075bd0000 - 0x0000000075bf6000 	C:\Program Files\Bonjour\mdnsNSP.dll
0x0000000063560000 - 0x0000000063569000 	C:\Program Files\National Instruments\Shared\mDNS Responder\nimdnsNSP.dll
0x0000000063550000 - 0x000000006355e000 	C:\Windows\SYSTEM32\nimdnsResponder.dll
0x0000000075b20000 - 0x0000000075bc3000 	C:\Windows\WinSxS\amd64_microsoft.vc90.crt_1fc8b3b9a1e18e3b_9.0.30729.9635_none_08e2c157a83ed5da\MSVCR90.dll
0x00007fff9d860000 - 0x00007fff9d86a000 	C:\Windows\System32\rasadhlp.dll
0x00007fffa1620000 - 0x00007fffa16a3000 	C:\Windows\System32\fwpuclnt.dll
0x00007fffa8a90000 - 0x00007fffa8ac4000 	C:\Windows\SYSTEM32\ntmarta.dll

dbghelp: loaded successfully - version: 4.0.5 - missing functions: none
symbol engine: initialized successfully - sym options: 0x614 - pdb path: .;c:\Users\obiwan\.vscode\extensions\redhat.java-1.43.0-win32-x64\jre\21.0.7-win32-x86_64\bin;C:\Windows\SYSTEM32;C:\Windows\WinSxS\amd64_microsoft.windows.common-controls_6595b64144ccf1df_6.0.22621.5262_none_2712bde373830908;c:\Users\obiwan\.vscode\extensions\redhat.java-1.43.0-win32-x64\jre\21.0.7-win32-x86_64\bin\server;C:\Users\obiwan\AppData\Roaming\Code\User\globalStorage\redhat.java\1.43.0\config_win\org.eclipse.equinox.launcher\org.eclipse.equinox.launcher.win32.win32.x86_64_1.2.1300.v20250331-1702;C:\Users\obiwan\AppData\Local\Temp\jna--1023380946;C:\Program Files (x86)\Sangfor\SSL\ClientComponent;C:\Program Files\Bonjour;C:\Program Files\National Instruments\Shared\mDNS Responder;C:\Windows\WinSxS\amd64_microsoft.vc90.crt_1fc8b3b9a1e18e3b_9.0.30729.9635_none_08e2c157a83ed5da

VM Arguments:
jvm_args: --add-modules=ALL-SYSTEM --add-opens=java.base/java.util=ALL-UNNAMED --add-opens=java.base/java.lang=ALL-UNNAMED --add-opens=java.base/sun.nio.fs=ALL-UNNAMED -Declipse.application=org.eclipse.jdt.ls.core.id1 -Dosgi.bundles.defaultStartLevel=4 -Declipse.product=org.eclipse.jdt.ls.core.product -Djava.import.generatesMetadataFilesAtProjectRoot=false -DDetectVMInstallationsJob.disabled=true -Dfile.encoding=utf8 -XX:+UseParallelGC -XX:GCTimeRatio=4 -XX:AdaptiveSizePolicyWeight=90 -Dsun.zip.disableMemoryMapping=true -Xmx2G -Xms100m -Xlog:disable -javaagent:c:\Users\obiwan\.vscode\extensions\redhat.java-1.43.0-win32-x64\lombok\lombok-1.18.39-4050.jar -XX:+HeapDumpOnOutOfMemoryError -XX:HeapDumpPath=c:\Users\obiwan\AppData\Roaming\Code\User\workspaceStorage\38300cdc6a541c64403b4ba9694d468d\redhat.java -Daether.dependencyCollector.impl=bf 
java_command: c:\Users\obiwan\.vscode\extensions\redhat.java-1.43.0-win32-x64\server\plugins\org.eclipse.equinox.launcher_1.7.0.v20250519-0528.jar -configuration c:\Users\obiwan\AppData\Roaming\Code\User\globalStorage\redhat.java\1.43.0\config_win -data c:\Users\obiwan\AppData\Roaming\Code\User\workspaceStorage\38300cdc6a541c64403b4ba9694d468d\redhat.java\jdt_ws --pipe=\\.\pipe\lsp-d701f7ad1084830b2e67cbcc80971c0b-sock
java_class_path (initial): c:\Users\obiwan\.vscode\extensions\redhat.java-1.43.0-win32-x64\server\plugins\org.eclipse.equinox.launcher_1.7.0.v20250519-0528.jar
Launcher Type: SUN_STANDARD

[Global flags]
    uintx AdaptiveSizePolicyWeight                 = 90                                        {product} {command line}
     intx CICompilerCount                          = 12                                        {product} {ergonomic}
    uintx GCTimeRatio                              = 4                                         {product} {command line}
     bool HeapDumpOnOutOfMemoryError               = true                                   {manageable} {command line}
    ccstr HeapDumpPath                             = c:\Users\obiwan\AppData\Roaming\Code\User\workspaceStorage\38300cdc6a541c64403b4ba9694d468d\redhat.java         {manageable} {command line}
   size_t InitialHeapSize                          = 104857600                                 {product} {command line}
   size_t MaxHeapSize                              = 2147483648                                {product} {command line}
   size_t MaxNewSize                               = 715653120                                 {product} {ergonomic}
   size_t MinHeapDeltaBytes                        = 524288                                    {product} {ergonomic}
   size_t MinHeapSize                              = 104857600                                 {product} {command line}
   size_t NewSize                                  = 34603008                                  {product} {ergonomic}
    uintx NonNMethodCodeHeapSize                   = 7602480                                {pd product} {ergonomic}
    uintx NonProfiledCodeHeapSize                  = 122027880                              {pd product} {ergonomic}
   size_t OldSize                                  = 70254592                                  {product} {ergonomic}
    uintx ProfiledCodeHeapSize                     = 122027880                              {pd product} {ergonomic}
    uintx ReservedCodeCacheSize                    = 251658240                              {pd product} {ergonomic}
     bool SegmentedCodeCache                       = true                                      {product} {ergonomic}
   size_t SoftMaxHeapSize                          = 2147483648                             {manageable} {ergonomic}
     bool UseCompressedOops                        = true                           {product lp64_product} {ergonomic}
     bool UseLargePagesIndividualAllocation        = false                                  {pd product} {ergonomic}
     bool UseParallelGC                            = true                                      {product} {command line}

Logging:
Log output configuration:
 #0: stdout all=off uptime,level,tags foldmultilines=false
 #1: stderr all=off uptime,level,tags foldmultilines=false

Environment Variables:
JAVA_HOME=C:\Program Files\Java\jdk-22
PATH=E:\VMware\Vm\bin\;C:\Program Files\NVIDIA GPU Computing Toolkit\CUDA\v12.4\bin;C:\Program Files\NVIDIA GPU Computing Toolkit\CUDA\v12.4\libnvvp;C:\Program Files (x86)\NVIDIA Corporation\PhysX\Common;C:\Windows\system32;C:\Windows;C:\Windows\System32\Wbem;C:\Windows\System32\WindowsPowerShell\v1.0\;C:\Windows\System32\OpenSSH\;C:\Program Files (x86)\Windows Kits\8.1\Windows Performance Toolkit\;C:\Program Files\mingw64\bin;C:\Program Files\dotnet\;C:\Program Files\NVIDIA Corporation\Nsight Compute 2024.1.0\;C:\Program Files\NVIDIA Corporation\NVIDIA NvDLISR;C:\Program Files\Java\jdk-22\bin;C:\Program Files (x86)\ZeroTier\One\;D:\tailscale\;C:\Program Files\apache-maven-3.9.9\bin;D:\NodeJS\;D:\;C:\Program Files\Tailscale\;C:\Program Files (x86)\Tencent\web\dll;;;D:\Program Files\Git\cmd;d:\Trae\bin;C:\Users\obiwan\AppData\Local\Programs\Python\Python38-32\Scripts\;C:\Users\obiwan\AppData\Local\Programs\Python\Python38-32\;C:\Users\obiwan\AppData\Local\Programs\Python\Python38\Scripts\;C:\Users\obiwan\AppData\Local\Programs\Python\Python38\;C:\Users\obiwan\AppData\Local\Programs\Python\Python39\Scripts\;C:\Users\obiwan\AppData\Local\Programs\Python\Python39\;C:\Users\obiwan\AppData\Local\Microsoft\WindowsApps;D:\PyCharm Community Edition 2024.1.4\bin;E:\Anaconda3;E:\Anaconda3\Scripts;E:\Anaconda3\Library\bin;E:\Anaconda3\Library\mingw-w64\bin;E:\Anaconda3\Library\usr\bin;E:\opencv_cmake\x64\mingw\bin;D:\opencv\build\x64\vc16\bin;C:\Users\obiwan\.dotnet\tools;D:\PyCharm 2024.1.4\bin;E:\Project\yolo\TensorRT-8.6.1.6\lib;E:\Project\yolo\TensorRT-8.6.1.6\bin;E:\Project\yolo\TensorRT-8.5.3.1\bin;E:\Project\yolo\TensorRT-8.5.3.1\lib;C:\Users\obiwan\AppData\Local\Muse Hub\lib;D:\Microsoft VS Code\bin;C:\Program Files\Common Files\SOLIDWORKS Shared\swdocumentmgr.dll;D:\IntelliJ IDEA Community Edition 2024.2.2\bin;D:\DevEco Studio\bin;D:\QT\5.14.2\mingw73_64\bin;D:\Idea\IntelliJ IDEA 2023.2\bin;C:\Users\obiwan\AppData\Roaming\npm;E:\web_develop\nginx-1.22.0;E:\web_develop\apache-tomcat-9.0.27\bin;D:\QT\Tools\mingw730_64;C:\Program Files\CMake\bin;D:\opencv-3.4.12\opencv\build\install\x64\mingw\bin;C:\Program Files\MySQL\MySQL Server 8.0\bin;D:\JetBrains Rider 2024.3\bin;D:\texlive\2024\bin\windows;D:\cursor\resources\app\bin;D:\Git\mingw64\bin\git.exe;D:\Git
USERNAME=obiwan
OS=Windows_NT
PROCESSOR_IDENTIFIER=Intel64 Family 6 Model 186 Stepping 2, GenuineIntel
TMP=C:\Users\obiwan\AppData\Local\Temp
TEMP=C:\Users\obiwan\AppData\Local\Temp




Periodic native trim disabled

---------------  S Y S T E M  ---------------

OS:
 Windows 11 , 64 bit Build 22621 (10.0.22621.5262)
OS uptime: 2 days 21:14 hours
Hyper-V role detected

CPU: total 20 (initial active 20) (10 cores per cpu, 2 threads per core) family 6 model 186 stepping 2 microcode 0x410e, cx8, cmov, fxsr, ht, mmx, 3dnowpref, sse, sse2, sse3, ssse3, sse4.1, sse4.2, popcnt, lzcnt, tsc, tscinvbit, avx, avx2, aes, erms, clmul, bmi1, bmi2, adx, sha, fma, vzeroupper, clflush, clflushopt, clwb, hv, serialize, rdtscp, rdpid, fsrm, f16c, cet_ibt, cet_ss
Processor Information for processor 0
  Max Mhz: 2400, Current Mhz: 2400, Mhz Limit: 2400
Processor Information for processor 1
  Max Mhz: 2400, Current Mhz: 2400, Mhz Limit: 2400
Processor Information for processor 2
  Max Mhz: 2400, Current Mhz: 2400, Mhz Limit: 2400
Processor Information for processor 3
  Max Mhz: 2400, Current Mhz: 2400, Mhz Limit: 2400
Processor Information for processor 4
  Max Mhz: 2400, Current Mhz: 2400, Mhz Limit: 2400
Processor Information for processor 5
  Max Mhz: 2400, Current Mhz: 2400, Mhz Limit: 2400
Processor Information for processor 6
  Max Mhz: 2400, Current Mhz: 2400, Mhz Limit: 2400
Processor Information for processor 7
  Max Mhz: 2400, Current Mhz: 2400, Mhz Limit: 2400
Processor Information for processor 8
  Max Mhz: 2400, Current Mhz: 2400, Mhz Limit: 2400
Processor Information for processor 9
  Max Mhz: 2400, Current Mhz: 2400, Mhz Limit: 2400
Processor Information for processor 10
  Max Mhz: 2400, Current Mhz: 2400, Mhz Limit: 2400
Processor Information for processor 11
  Max Mhz: 2400, Current Mhz: 2400, Mhz Limit: 2400
Processor Information for processor 12
  Max Mhz: 2400, Current Mhz: 1500, Mhz Limit: 1800
Processor Information for processor 13
  Max Mhz: 2400, Current Mhz: 1500, Mhz Limit: 1800
Processor Information for processor 14
  Max Mhz: 2400, Current Mhz: 1500, Mhz Limit: 1800
Processor Information for processor 15
  Max Mhz: 2400, Current Mhz: 1800, Mhz Limit: 1800
Processor Information for processor 16
  Max Mhz: 2400, Current Mhz: 1800, Mhz Limit: 1800
Processor Information for processor 17
  Max Mhz: 2400, Current Mhz: 1800, Mhz Limit: 1800
Processor Information for processor 18
  Max Mhz: 2400, Current Mhz: 1800, Mhz Limit: 1800
Processor Information for processor 19
  Max Mhz: 2400, Current Mhz: 1500, Mhz Limit: 1800

Memory: 4k page, system-wide physical 16087M (308M free)
TotalPageFile size 46807M (AvailPageFile size 5M)
current process WorkingSet (physical memory assigned to process): 1056M, peak: 1063M
current process commit charge ("private bytes"): 1077M, peak: 1078M

vm_info: OpenJDK 64-Bit Server VM (21.0.7+6-LTS) for windows-amd64 JRE (21.0.7+6-LTS), built on 2025-04-15T00:00:00Z by "admin" with MS VC++ 17.7 (VS2022)

END.
